Sequence format is Pearson
Multiple Pairwise Alignment (100 sequences)
Start aligning  completed!
Output: Optimized prot. (  1:  1)=    0 
Output: Optimized prot. (  1:  2)=   12 
Output: Optimized prot. (  1:  3)=   14 
Output: Optimized prot. (  1:  4)=   11 
Output: Optimized prot. (  1:  5)=   20 
Output: Optimized prot. (  1:  6)=    4 
Output: Optimized prot. (  1:  7)=   10 
Output: Optimized prot. (  1:  8)=    7 
Output: Optimized prot. (  1:  9)=    4 
Output: Optimized prot. (  1: 10)=   15 
Output: Optimized prot. (  1: 11)=   14 
Output: Optimized prot. (  1: 12)=    9 
Output: Optimized prot. (  1: 13)=   16 
Output: Optimized prot. (  1: 14)=    7 
Output: Optimized prot. (  1: 15)=    9 
Output: Optimized prot. (  1: 16)=    8 
Output: Optimized prot. (  1: 17)=   18 
Output: Optimized prot. (  1: 18)=    6 
Output: Optimized prot. (  1: 19)=    8 
Output: Optimized prot. (  1: 20)=    4 
Output: Optimized prot. (  1: 21)=    4 
Output: Optimized prot. (  1: 22)=    7 
Output: Optimized prot. (  1: 23)=    8 
Output: Optimized prot. (  1: 24)=   18 
Output: Optimized prot. (  1: 25)=   10 
Output: Optimized prot. (  1: 26)=    4 
Output: Optimized prot. (  1: 27)=    2 
Output: Optimized prot. (  1: 28)=   13 
Output: Optimized prot. (  1: 29)=    5 
Output: Optimized prot. (  1: 30)=    7 
Output: Optimized prot. (  1: 31)=    6 
Output: Optimized prot. (  1: 32)=   11 
Output: Optimized prot. (  1: 33)=   16 
Output: Optimized prot. (  1: 34)=    4 
Output: Optimized prot. (  1: 35)=    4 
Output: Optimized prot. (  1: 36)=   12 
Output: Optimized prot. (  1: 37)=   11 
Output: Optimized prot. (  1: 38)=    6 
Output: Optimized prot. (  1: 39)=    7 
Output: Optimized prot. (  1: 40)=    8 
Output: Optimized prot. (  1: 41)=    5 
Output: Optimized prot. (  1: 42)=    9 
Output: Optimized prot. (  1: 43)=   13 
Output: Optimized prot. (  1: 44)=    5 
Output: Optimized prot. (  1: 45)=   12 
Output: Optimized prot. (  1: 46)=   11 
Output: Optimized prot. (  1: 47)=    9 
Output: Optimized prot. (  1: 48)=   12 
Output: Optimized prot. (  1: 49)=    3 
Output: Optimized prot. (  1: 50)=    6 
Output: Optimized prot. (  1: 51)=    6 
Output: Optimized prot. (  1: 52)=    5 
Output: Optimized prot. (  1: 53)=    6 
Output: Optimized prot. (  1: 54)=    2 
Output: Optimized prot. (  1: 55)=    5 
Output: Optimized prot. (  1: 56)=    6 
Output: Optimized prot. (  1: 57)=    8 
Output: Optimized prot. (  1: 58)=    6 
Output: Optimized prot. (  1: 59)=    4 
Output: Optimized prot. (  1: 60)=    7 
Output: Optimized prot. (  1: 61)=   13 
Output: Optimized prot. (  1: 62)=   12 
Output: Optimized prot. (  1: 63)=    8 
Output: Optimized prot. (  1: 64)=    8 
Output: Optimized prot. (  1: 65)=    9 
Output: Optimized prot. (  1: 66)=   13 
Output: Optimized prot. (  1: 67)=   18 
Output: Optimized prot. (  1: 68)=    7 
Output: Optimized prot. (  1: 69)=   15 
Output: Optimized prot. (  1: 70)=   12 
Output: Optimized prot. (  1: 71)=    1 
Output: Optimized prot. (  1: 72)=   15 
Output: Optimized prot. (  1: 73)=    4 
Output: Optimized prot. (  1: 74)=    6 
Output: Optimized prot. (  1: 75)=    6 
Output: Optimized prot. (  1: 76)=    3 
Output: Optimized prot. (  1: 77)=   17 
Output: Optimized prot. (  1: 78)=   14 
Output: Optimized prot. (  1: 79)=    9 
Output: Optimized prot. (  1: 80)=   12 
Output: Optimized prot. (  1: 81)=   11 
Output: Optimized prot. (  1: 82)=    7 
Output: Optimized prot. (  1: 83)=    7 
Output: Optimized prot. (  1: 84)=    7 
Output: Optimized prot. (  1: 85)=    4 
Output: Optimized prot. (  1: 86)=    5 
Output: Optimized prot. (  1: 87)=    5 
Output: Optimized prot. (  1: 88)=   16 
Output: Optimized prot. (  1: 89)=   16 
Output: Optimized prot. (  1: 90)=    6 
Output: Optimized prot. (  1: 91)=    7 
Output: Optimized prot. (  1: 92)=    4 
Output: Optimized prot. (  1: 93)=    4 
Output: Optimized prot. (  1: 94)=    9 
Output: Optimized prot. (  1: 95)=    9 
Output: Optimized prot. (  1: 96)=    6 
Output: Optimized prot. (  1: 97)=   11 
Output: Optimized prot. (  1: 98)=    8 
Output: Optimized prot. (  1: 99)=    6 
Output: Optimized prot. (  1:100)=    3 

Program             = Protein alignment (For version)
Parameters          = botsalgn
Model               = OpenMP (using tasks)
Embedded cut-off    = none
Verification        = successful
Execution Message   = 
Architecture        = ;
Load Avg [1:5:15]   = ;;
Compilation Date    = 
Compilation Message = 
Compiler            = 
Compiler Flags      = 
Linker              = 
Linker Flags        = 
