This file contains any messages produced by compilers while
running configure, to aid debugging if configure makes a mistake.

It was created by Popcorn Distributed OpenMP Multithreading Library configure 0.1, which was
generated by GNU Autoconf 2.69.  Invocation command line was

  $ ./configure --prefix=/usr/local/popcorn/x86_64 --target=x86_64-linux-gnu --host=x86_64-linux-gnu --enable-static --disable-shared

## --------- ##
## Platform. ##
## --------- ##

hostname = echo2
uname -m = x86_64
uname -r = 4.4.55-popcorn+
uname -s = Linux
uname -v = #3 SMP Mon Dec 18 15:24:54 EST 2017

/usr/bin/uname -p = unknown
/bin/uname -X     = unknown

/bin/arch              = unknown
/usr/bin/arch -k       = unknown
/usr/convex/getsysinfo = unknown
/usr/bin/hostinfo      = unknown
/bin/machine           = unknown
/usr/bin/oslevel       = unknown
/bin/universe          = unknown

PATH: /usr/local/bin
PATH: /usr/bin
PATH: /bin
PATH: /usr/local/games
PATH: /usr/games
PATH: /home/karaoui/bin


## ----------- ##
## Core tests. ##
## ----------- ##

configure:2728: checking build system type
configure:2742: result: x86_64-pc-linux-gnu
configure:2762: checking host system type
configure:2775: result: x86_64-pc-linux-gnu
configure:2816: checking how to print strings
configure:2843: result: printf
configure:2875: checking for x86_64-linux-gnu-gcc
configure:2902: result: /usr/local/popcorn/bin/clang
configure:3171: checking for C compiler version
configure:3180: /usr/local/popcorn/bin/clang --version >&5
clang version 3.7.1 (tags/RELEASE_371/final 322296)
Target: x86_64-unknown-linux-gnu
Thread model: posix
configure:3191: $? = 0
configure:3180: /usr/local/popcorn/bin/clang -v >&5
clang version 3.7.1 (tags/RELEASE_371/final 322296)
Target: x86_64-unknown-linux-gnu
Thread model: posix
Found candidate GCC installation: /usr/lib/gcc/x86_64-linux-gnu/4.8
Found candidate GCC installation: /usr/lib/gcc/x86_64-linux-gnu/4.8.4
Found candidate GCC installation: /usr/lib/gcc/x86_64-linux-gnu/4.9
Found candidate GCC installation: /usr/lib/gcc/x86_64-linux-gnu/4.9.2
Selected GCC installation: /usr/lib/gcc/x86_64-linux-gnu/4.9
Candidate multilib: .;@m64
Candidate multilib: 32;@m32
... rest of stderr output deleted ...
configure:3191: $? = 0
configure:3180: /usr/local/popcorn/bin/clang -V >&5
clang-3.7: error: argument to '-V' is missing (expected 1 value)
clang-3.7: error: no input files
configure:3191: $? = 1
configure:3180: /usr/local/popcorn/bin/clang -qversion >&5
clang-3.7: error: unknown argument: '-qversion'
clang-3.7: error: no input files
configure:3191: $? = 1
configure:3211: checking whether the C compiler works
configure:3233: /usr/local/popcorn/bin/clang -target x86_64-linux-gnu                                     -nostdinc -isystem /usr/local/popcorn/x86_64/include                                     -popcorn-alignment   conftest.c  >&5
configure:3237: $? = 0
configure:3285: result: yes
configure:3288: checking for C compiler default output file name
configure:3290: result: a.out
configure:3296: checking for suffix of executables
configure:3303: /usr/local/popcorn/bin/clang -o conftest -target x86_64-linux-gnu                                     -nostdinc -isystem /usr/local/popcorn/x86_64/include                                     -popcorn-alignment   conftest.c  >&5
configure:3307: $? = 0
configure:3329: result: 
configure:3351: checking whether we are cross compiling
configure:3359: /usr/local/popcorn/bin/clang -o conftest -target x86_64-linux-gnu                                     -nostdinc -isystem /usr/local/popcorn/x86_64/include                                     -popcorn-alignment   conftest.c  >&5
configure:3363: $? = 0
configure:3370: ./conftest
configure:3374: $? = 0
configure:3389: result: no
configure:3394: checking for suffix of object files
configure:3416: /usr/local/popcorn/bin/clang -c -target x86_64-linux-gnu                                     -nostdinc -isystem /usr/local/popcorn/x86_64/include                                     -popcorn-alignment  conftest.c >&5
configure:3420: $? = 0
configure:3441: result: o
configure:3445: checking whether we are using the GNU C compiler
configure:3464: /usr/local/popcorn/bin/clang -c -target x86_64-linux-gnu                                     -nostdinc -isystem /usr/local/popcorn/x86_64/include                                     -popcorn-alignment  conftest.c >&5
configure:3464: $? = 0
configure:3473: result: yes
configure:3482: checking whether /usr/local/popcorn/bin/clang accepts -g
configure:3502: /usr/local/popcorn/bin/clang -c -g  conftest.c >&5
configure:3502: $? = 0
configure:3543: result: yes
configure:3560: checking for /usr/local/popcorn/bin/clang option to accept ISO C89
configure:3623: /usr/local/popcorn/bin/clang  -c -target x86_64-linux-gnu                                     -nostdinc -isystem /usr/local/popcorn/x86_64/include                                     -popcorn-alignment  conftest.c >&5
configure:3623: $? = 0
configure:3636: result: none needed
configure:3661: checking whether /usr/local/popcorn/bin/clang understands -c and -o together
configure:3683: /usr/local/popcorn/bin/clang -c conftest.c -o conftest2.o
configure:3686: $? = 0
configure:3683: /usr/local/popcorn/bin/clang -c conftest.c -o conftest2.o
configure:3686: $? = 0
configure:3698: result: yes
configure:3715: checking for a sed that does not truncate output
configure:3779: result: /bin/sed
configure:3797: checking for grep that handles long lines and -e
configure:3855: result: /bin/grep
configure:3860: checking for egrep
configure:3922: result: /bin/grep -E
configure:3927: checking for fgrep
configure:3989: result: /bin/grep -F
configure:4024: checking for ld used by /usr/local/popcorn/bin/clang
configure:4091: result: /usr/local/popcorn/bin/ld
configure:4098: checking if the linker (/usr/local/popcorn/bin/ld) is GNU ld
configure:4113: result: yes
configure:4125: checking for BSD- or MS-compatible name lister (nm)
configure:4179: result: /usr/bin/x86_64-linux-gnu-nm -B
configure:4309: checking the name lister (/usr/bin/x86_64-linux-gnu-nm -B) interface
configure:4316: /usr/local/popcorn/bin/clang -c -target x86_64-linux-gnu                                     -nostdinc -isystem /usr/local/popcorn/x86_64/include                                     -popcorn-alignment  conftest.c >&5
configure:4319: /usr/bin/x86_64-linux-gnu-nm -B "conftest.o"
configure:4322: output
0000000000000000 B some_variable
configure:4329: result: BSD nm
configure:4332: checking whether ln -s works
configure:4336: result: yes
configure:4344: checking the maximum length of command line arguments
configure:4475: result: 1572864
configure:4523: checking how to convert x86_64-pc-linux-gnu file names to x86_64-pc-linux-gnu format
configure:4563: result: func_convert_file_noop
configure:4570: checking how to convert x86_64-pc-linux-gnu file names to toolchain format
configure:4590: result: func_convert_file_noop
configure:4597: checking for /usr/local/popcorn/bin/ld option to reload object files
configure:4604: result: -r
configure:4638: checking for x86_64-linux-gnu-objdump
configure:4654: found /usr/bin/x86_64-linux-gnu-objdump
configure:4665: result: x86_64-linux-gnu-objdump
configure:4737: checking how to recognize dependent libraries
configure:4937: result: pass_all
configure:4982: checking for x86_64-linux-gnu-dlltool
configure:5012: result: no
configure:5022: checking for dlltool
configure:5052: result: no
configure:5082: checking how to associate runtime and link libraries
configure:5109: result: printf %s\n
configure:5126: checking for x86_64-linux-gnu-ar
configure:5142: found /usr/bin/x86_64-linux-gnu-ar
configure:5153: result: x86_64-linux-gnu-ar
configure:5234: checking for archiver @FILE support
configure:5251: /usr/local/popcorn/bin/clang -c -target x86_64-linux-gnu                                     -nostdinc -isystem /usr/local/popcorn/x86_64/include                                     -popcorn-alignment  conftest.c >&5
configure:5251: $? = 0
configure:5254: x86_64-linux-gnu-ar cru libconftest.a @conftest.lst >&5
configure:5257: $? = 0
configure:5262: x86_64-linux-gnu-ar cru libconftest.a @conftest.lst >&5
x86_64-linux-gnu-ar: conftest.o: No such file or directory
configure:5265: $? = 1
configure:5277: result: @
configure:5295: checking for x86_64-linux-gnu-strip
configure:5311: found /usr/bin/x86_64-linux-gnu-strip
configure:5322: result: x86_64-linux-gnu-strip
configure:5394: checking for x86_64-linux-gnu-ranlib
configure:5410: found /usr/bin/x86_64-linux-gnu-ranlib
configure:5421: result: x86_64-linux-gnu-ranlib
configure:5538: checking for gawk
configure:5568: result: no
configure:5538: checking for mawk
configure:5554: found /usr/bin/mawk
configure:5565: result: mawk
configure:5605: checking command to parse /usr/bin/x86_64-linux-gnu-nm -B output from /usr/local/popcorn/bin/clang object
configure:5758: /usr/local/popcorn/bin/clang -c -target x86_64-linux-gnu                                     -nostdinc -isystem /usr/local/popcorn/x86_64/include                                     -popcorn-alignment  conftest.c >&5
configure:5761: $? = 0
configure:5765: /usr/bin/x86_64-linux-gnu-nm -B conftest.o \| sed -n -e 's/^.*[ ]\([ABCDGIRSTW][ABCDGIRSTW]*\)[ ][ ]*\([_A-Za-z][_A-Za-z0-9]*\)$/\1 \2 \2/p' | sed '/ __gnu_lto/d' \> conftest.nm
configure:5768: $? = 0
configure:5834: /usr/local/popcorn/bin/clang -o conftest -target x86_64-linux-gnu                                     -nostdinc -isystem /usr/local/popcorn/x86_64/include                                     -popcorn-alignment   conftest.c conftstm.o >&5
configure:5837: $? = 0
configure:5875: result: ok
configure:5922: checking for sysroot
configure:5952: result: no
configure:5959: checking for a working dd
configure:5997: result: /bin/dd
configure:6001: checking how to truncate binary pipes
configure:6016: result: /bin/dd bs=4096 count=1
configure:6152: /usr/local/popcorn/bin/clang -c -target x86_64-linux-gnu                                     -nostdinc -isystem /usr/local/popcorn/x86_64/include                                     -popcorn-alignment  conftest.c >&5
configure:6155: $? = 0
configure:6305: checking for x86_64-linux-gnu-mt
configure:6335: result: no
configure:6345: checking for mt
configure:6361: found /bin/mt
configure:6372: result: mt
configure:6395: checking if mt is a manifest tool
configure:6401: mt '-?'
configure:6409: result: no
configure:7086: checking how to run the C preprocessor
configure:7117: /usr/local/popcorn/bin/clang -E  conftest.c
configure:7117: $? = 0
configure:7131: /usr/local/popcorn/bin/clang -E  conftest.c
conftest.c:9:10: fatal error: 'ac_nonexistent.h' file not found
#include <ac_nonexistent.h>
         ^
1 error generated.
configure:7131: $? = 1
configure: failed program was:
| /* confdefs.h */
| #define PACKAGE_NAME "Popcorn Distributed OpenMP Multithreading Library"
| #define PACKAGE_TARNAME "libopenpop"
| #define PACKAGE_VERSION "0.1"
| #define PACKAGE_STRING "Popcorn Distributed OpenMP Multithreading Library 0.1"
| #define PACKAGE_BUGREPORT ""
| #define PACKAGE_URL ""
| /* end confdefs.h.  */
| #include <ac_nonexistent.h>
configure:7156: result: /usr/local/popcorn/bin/clang -E
configure:7176: /usr/local/popcorn/bin/clang -E  conftest.c
configure:7176: $? = 0
configure:7190: /usr/local/popcorn/bin/clang -E  conftest.c
conftest.c:9:10: fatal error: 'ac_nonexistent.h' file not found
#include <ac_nonexistent.h>
         ^
1 error generated.
configure:7190: $? = 1
configure: failed program was:
| /* confdefs.h */
| #define PACKAGE_NAME "Popcorn Distributed OpenMP Multithreading Library"
| #define PACKAGE_TARNAME "libopenpop"
| #define PACKAGE_VERSION "0.1"
| #define PACKAGE_STRING "Popcorn Distributed OpenMP Multithreading Library 0.1"
| #define PACKAGE_BUGREPORT ""
| #define PACKAGE_URL ""
| /* end confdefs.h.  */
| #include <ac_nonexistent.h>
configure:7219: checking for ANSI C header files
configure:7239: /usr/local/popcorn/bin/clang -c -target x86_64-linux-gnu                                     -nostdinc -isystem /usr/local/popcorn/x86_64/include                                     -popcorn-alignment  conftest.c >&5
configure:7239: $? = 0
configure:7312: /usr/local/popcorn/bin/clang -o conftest -target x86_64-linux-gnu                                     -nostdinc -isystem /usr/local/popcorn/x86_64/include                                     -popcorn-alignment   conftest.c  >&5
configure:7312: $? = 0
configure:7312: ./conftest
configure:7312: $? = 0
configure:7323: result: yes
configure:7336: checking for sys/types.h
configure:7336: /usr/local/popcorn/bin/clang -c -target x86_64-linux-gnu                                     -nostdinc -isystem /usr/local/popcorn/x86_64/include                                     -popcorn-alignment  conftest.c >&5
configure:7336: $? = 0
configure:7336: result: yes
configure:7336: checking for sys/stat.h
configure:7336: /usr/local/popcorn/bin/clang -c -target x86_64-linux-gnu                                     -nostdinc -isystem /usr/local/popcorn/x86_64/include                                     -popcorn-alignment  conftest.c >&5
configure:7336: $? = 0
configure:7336: result: yes
configure:7336: checking for stdlib.h
configure:7336: /usr/local/popcorn/bin/clang -c -target x86_64-linux-gnu                                     -nostdinc -isystem /usr/local/popcorn/x86_64/include                                     -popcorn-alignment  conftest.c >&5
configure:7336: $? = 0
configure:7336: result: yes
configure:7336: checking for string.h
configure:7336: /usr/local/popcorn/bin/clang -c -target x86_64-linux-gnu                                     -nostdinc -isystem /usr/local/popcorn/x86_64/include                                     -popcorn-alignment  conftest.c >&5
configure:7336: $? = 0
configure:7336: result: yes
configure:7336: checking for memory.h
configure:7336: /usr/local/popcorn/bin/clang -c -target x86_64-linux-gnu                                     -nostdinc -isystem /usr/local/popcorn/x86_64/include                                     -popcorn-alignment  conftest.c >&5
configure:7336: $? = 0
configure:7336: result: yes
configure:7336: checking for strings.h
configure:7336: /usr/local/popcorn/bin/clang -c -target x86_64-linux-gnu                                     -nostdinc -isystem /usr/local/popcorn/x86_64/include                                     -popcorn-alignment  conftest.c >&5
configure:7336: $? = 0
configure:7336: result: yes
configure:7336: checking for inttypes.h
configure:7336: /usr/local/popcorn/bin/clang -c -target x86_64-linux-gnu                                     -nostdinc -isystem /usr/local/popcorn/x86_64/include                                     -popcorn-alignment  conftest.c >&5
configure:7336: $? = 0
configure:7336: result: yes
configure:7336: checking for stdint.h
configure:7336: /usr/local/popcorn/bin/clang -c -target x86_64-linux-gnu                                     -nostdinc -isystem /usr/local/popcorn/x86_64/include                                     -popcorn-alignment  conftest.c >&5
configure:7336: $? = 0
configure:7336: result: yes
configure:7336: checking for unistd.h
configure:7336: /usr/local/popcorn/bin/clang -c -target x86_64-linux-gnu                                     -nostdinc -isystem /usr/local/popcorn/x86_64/include                                     -popcorn-alignment  conftest.c >&5
configure:7336: $? = 0
configure:7336: result: yes
configure:7350: checking for dlfcn.h
configure:7350: /usr/local/popcorn/bin/clang -c -target x86_64-linux-gnu                                     -nostdinc -isystem /usr/local/popcorn/x86_64/include                                     -popcorn-alignment  conftest.c >&5
configure:7350: $? = 0
configure:7350: result: yes
configure:7606: checking for objdir
configure:7621: result: .libs
configure:7885: checking if /usr/local/popcorn/bin/clang supports -fno-rtti -fno-exceptions
configure:7903: /usr/local/popcorn/bin/clang -c -target x86_64-linux-gnu                                     -nostdinc -isystem /usr/local/popcorn/x86_64/include                                     -popcorn-alignment  -fno-rtti -fno-exceptions conftest.c >&5
configure:7907: $? = 0
configure:7920: result: yes
configure:8278: checking for /usr/local/popcorn/bin/clang option to produce PIC
configure:8285: result: -fPIC -DPIC
configure:8293: checking if /usr/local/popcorn/bin/clang PIC flag -fPIC -DPIC works
configure:8311: /usr/local/popcorn/bin/clang -c -target x86_64-linux-gnu                                     -nostdinc -isystem /usr/local/popcorn/x86_64/include                                     -popcorn-alignment  -fPIC -DPIC -DPIC conftest.c >&5
configure:8315: $? = 0
configure:8328: result: yes
configure:8357: checking if /usr/local/popcorn/bin/clang static flag -static works
configure:8385: result: yes
configure:8400: checking if /usr/local/popcorn/bin/clang supports -c -o file.o
configure:8421: /usr/local/popcorn/bin/clang -c -target x86_64-linux-gnu                                     -nostdinc -isystem /usr/local/popcorn/x86_64/include                                     -popcorn-alignment  -o out/conftest2.o conftest.c >&5
configure:8425: $? = 0
configure:8447: result: yes
configure:8455: checking if /usr/local/popcorn/bin/clang supports -c -o file.o
configure:8502: result: yes
configure:8535: checking whether the /usr/local/popcorn/bin/clang linker (/usr/local/popcorn/bin/ld -m elf_x86_64) supports shared libraries
configure:9798: result: yes
configure:10038: checking dynamic linker characteristics
configure:10619: /usr/local/popcorn/bin/clang -o conftest -target x86_64-linux-gnu                                     -nostdinc -isystem /usr/local/popcorn/x86_64/include                                     -popcorn-alignment   -Wl,-rpath -Wl,/foo conftest.c  >&5
configure:10619: $? = 0
configure:10868: result: GNU/Linux ld.so
configure:10990: checking how to hardcode library paths into programs
configure:11015: result: immediate
configure:11563: checking whether stripping libraries is possible
configure:11568: result: yes
configure:11603: checking if libtool supports shared libraries
configure:11605: result: yes
configure:11608: checking whether to build shared libraries
configure:11633: result: no
configure:11636: checking whether to build static libraries
configure:11640: result: yes
configure:11682: checking for --enable-version-specific-runtime-libs
configure:11697: result: no
configure:11705: checking for --enable-generated-files-in-srcdir
configure:11720: result: no
configure:11750: checking target system type
configure:11763: result: x86_64-pc-linux-gnu
configure:11820: checking for a BSD-compatible install
configure:11888: result: /usr/bin/install -c
configure:11899: checking whether build environment is sane
configure:11954: result: yes
configure:12102: checking for a thread-safe mkdir -p
configure:12141: result: /bin/mkdir -p
configure:12144: checking whether make sets $(MAKE)
configure:12166: result: yes
configure:12196: checking for style of include used by make
configure:12224: result: GNU
configure:12258: checking whether make supports nested variables
configure:12275: result: yes
configure:12360: checking dependency style of /usr/local/popcorn/bin/clang
configure:12471: result: gcc3
configure:12581: checking for x86_64-linux-gnu-gcc
configure:12608: result: /usr/local/popcorn/bin/clang
configure:12877: checking for C compiler version
configure:12886: /usr/local/popcorn/bin/clang --version >&5
clang version 3.7.1 (tags/RELEASE_371/final 322296)
Target: x86_64-unknown-linux-gnu
Thread model: posix
configure:12897: $? = 0
configure:12886: /usr/local/popcorn/bin/clang -v >&5
clang version 3.7.1 (tags/RELEASE_371/final 322296)
Target: x86_64-unknown-linux-gnu
Thread model: posix
Found candidate GCC installation: /usr/lib/gcc/x86_64-linux-gnu/4.8
Found candidate GCC installation: /usr/lib/gcc/x86_64-linux-gnu/4.8.4
Found candidate GCC installation: /usr/lib/gcc/x86_64-linux-gnu/4.9
Found candidate GCC installation: /usr/lib/gcc/x86_64-linux-gnu/4.9.2
Selected GCC installation: /usr/lib/gcc/x86_64-linux-gnu/4.9
Candidate multilib: .;@m64
Candidate multilib: 32;@m32
... rest of stderr output deleted ...
configure:12897: $? = 0
configure:12886: /usr/local/popcorn/bin/clang -V >&5
clang-3.7: error: argument to '-V' is missing (expected 1 value)
clang-3.7: error: no input files
configure:12897: $? = 1
configure:12886: /usr/local/popcorn/bin/clang -qversion >&5
clang-3.7: error: unknown argument: '-qversion'
clang-3.7: error: no input files
configure:12897: $? = 1
configure:12901: checking whether we are using the GNU C compiler
configure:12929: result: yes
configure:12938: checking whether /usr/local/popcorn/bin/clang accepts -g
configure:12999: result: yes
configure:13016: checking for /usr/local/popcorn/bin/clang option to accept ISO C89
configure:13092: result: none needed
configure:13117: checking whether /usr/local/popcorn/bin/clang understands -c and -o together
configure:13154: result: yes
configure:13189: checking for x86_64-linux-gnu-ar
configure:13216: result: x86_64-linux-gnu-ar
configure:13281: checking for x86_64-linux-gnu-ranlib
configure:13308: result: x86_64-linux-gnu-ranlib
configure:13372: checking for perl
configure:13390: found /usr/bin/perl
configure:13403: result: /usr/bin/perl
configure:13411: checking whether make sets $(MAKE)
configure:13433: result: yes
configure:13449: checking for makeinfo
configure:13476: result: ${SHELL} /home/karaoui/popcorn/popcorn-compiler/lib/libopenpop/missing makeinfo
configure:13486: checking for modern makeinfo
configure:13501: result: yes
configure:13548: checking whether to enable maintainer-specific portions of Makefiles
configure:13557: result: no
configure:13598: checking for x86_64-linux-gnu-gfortran
configure:13625: result: no
configure:13695: checking for Fortran compiler version
configure:13704: no --version >&5
./configure: line 13706: no: command not found
configure:13715: $? = 127
configure:13704: no -v >&5
./configure: line 13706: no: command not found
configure:13715: $? = 127
configure:13704: no -V >&5
./configure: line 13706: no: command not found
configure:13715: $? = 127
configure:13704: no -qversion >&5
./configure: line 13706: no: command not found
configure:13715: $? = 127
configure:13724: checking whether we are using the GNU Fortran compiler
configure:13737: no -c  -L.  conftest.F >&5
./configure: line 1916: no: command not found
configure:13737: $? = 127
configure: failed program was:
|       program main
| #ifndef __GNUC__
|        choke me
| #endif
| 
|       end
configure:13746: result: no
configure:13752: checking whether no accepts -g
configure:13763: no -c -g  conftest.f >&5
./configure: line 1916: no: command not found
configure:13763: $? = 127
configure: failed program was:
|       program main
| 
|       end
configure:13771: result: no
configure:16941: checking for ANSI C header files
configure:17045: result: yes
configure:17053: checking whether time.h and sys/time.h may both be included
configure:17073: /usr/local/popcorn/bin/clang -c -target x86_64-linux-gnu                                     -nostdinc -isystem /usr/local/popcorn/x86_64/include                                     -popcorn-alignment  conftest.c >&5
configure:17073: $? = 0
configure:17080: result: yes
configure:17088: checking whether string.h and strings.h may both be included
configure:17105: /usr/local/popcorn/bin/clang -c -target x86_64-linux-gnu                                     -nostdinc -isystem /usr/local/popcorn/x86_64/include                                     -popcorn-alignment  conftest.c >&5
configure:17105: $? = 0
configure:17112: result: yes
configure:17123: checking pthread.h usability
configure:17123: /usr/local/popcorn/bin/clang -c -target x86_64-linux-gnu                                     -nostdinc -isystem /usr/local/popcorn/x86_64/include                                     -popcorn-alignment  conftest.c >&5
configure:17123: $? = 0
configure:17123: result: yes
configure:17123: checking pthread.h presence
configure:17123: /usr/local/popcorn/bin/clang -E  conftest.c
configure:17123: $? = 0
configure:17123: result: yes
configure:17123: checking for pthread.h
configure:17123: result: yes
configure:17123: checking for unistd.h
configure:17123: result: yes
configure:17123: checking semaphore.h usability
configure:17123: /usr/local/popcorn/bin/clang -c -target x86_64-linux-gnu                                     -nostdinc -isystem /usr/local/popcorn/x86_64/include                                     -popcorn-alignment  conftest.c >&5
configure:17123: $? = 0
configure:17123: result: yes
configure:17123: checking semaphore.h presence
configure:17123: /usr/local/popcorn/bin/clang -E  conftest.c
configure:17123: $? = 0
configure:17123: result: yes
configure:17123: checking for semaphore.h
configure:17123: result: yes
configure:17123: checking sys/loadavg.h usability
configure:17123: /usr/local/popcorn/bin/clang -c -target x86_64-linux-gnu                                     -nostdinc -isystem /usr/local/popcorn/x86_64/include                                     -popcorn-alignment  conftest.c >&5
conftest.c:62:10: fatal error: 'sys/loadavg.h' file not found
#include <sys/loadavg.h>
         ^
0  libLLVMSupport.so.3.7       0x00007ffff1834275 llvm::sys::PrintStackTrace(llvm::raw_ostream&) + 44
1  libLLVMSupport.so.3.7       0x00007ffff18345f1
2  libLLVMSupport.so.3.7       0x00007ffff18331c9
3  libc.so.6                   0x00007fffee7ce0e0
4  libclangCodeGen.so.3.7      0x00007ffff0106e0c
5  libclangCodeGen.so.3.7      0x00007ffff029ffba
6  libclangParse.so.3.7        0x00007fffea6f4a3e clang::ParseAST(clang::Sema&, bool, bool) + 787
7  libclangFrontend.so.3.7     0x00007fffef7f7112 clang::ASTFrontendAction::ExecuteAction() + 322
8  libclangCodeGen.so.3.7      0x00007ffff029d698 clang::CodeGenAction::ExecuteAction() + 664
9  libclangFrontend.so.3.7     0x00007fffef7f6bcf clang::FrontendAction::Execute() + 139
10 libclangFrontend.so.3.7     0x00007fffef7ab91f clang::CompilerInstance::ExecuteAction(clang::FrontendAction&) + 775
11 libclangFrontendTool.so.3.7 0x00007fffef370e2c clang::ExecuteCompilerInvocation(clang::CompilerInstance*) + 1120
12 clang-3.7                   0x00000000004469c0 cc1_main(llvm::ArrayRef<char const*>, char const*, void*) + 989
13 clang-3.7                   0x000000000043ddef
14 clang-3.7                   0x000000000043e2d7 main + 1041
15 libc.so.6                   0x00007fffee7bab45 __libc_start_main + 245
16 clang-3.7                   0x000000000043c6b9
Stack dump:
0.	Program arguments: /home/karaoui/popcorn/popcorn-compiler/install/bin/clang-3.7 -cc1 -triple x86_64--linux-gnu -emit-obj -mrelax-all -disable-free -main-file-name conftest.c -mrelocation-model static -mthread-model posix -mdisable-fp-elim -fmath-errno -masm-verbose -mconstructor-aliases -munwind-tables -fuse-init-array -target-cpu x86-64 -dwarf-column-info -coverage-file /home/karaoui/popcorn/popcorn-compiler/lib/libopenpop/conftest.c -nostdsysteminc -nobuiltininc -resource-dir /home/karaoui/popcorn/popcorn-compiler/install/bin/../lib/clang/3.7.1 -isystem /usr/local/popcorn/x86_64/include -fdebug-compilation-dir /home/karaoui/popcorn/popcorn-compiler/lib/libopenpop -ferror-limit 19 -fmessage-length 0 -mstackrealign -fobjc-runtime=gcc -fdiagnostics-show-option -ffunction-sections -fdata-sections -popcorn-alignment -o conftest.o -x c conftest.c 
1.	<eof> parser at end of file
clang-3.7: error: unable to execute command: Segmentation fault
clang-3.7: error: clang frontend command failed due to signal (use -v to see invocation)
clang version 3.7.1 (tags/RELEASE_371/final 322296)
Target: x86_64--linux-gnu
Thread model: posix
clang-3.7: note: diagnostic msg: PLEASE submit a bug report to http://llvm.org/bugs/ and include the crash backtrace, preprocessed source, and associated run script.
clang-3.7: note: diagnostic msg: Error generating preprocessed source(s).
configure:17123: $? = 254
configure: failed program was:
| /* confdefs.h */
| #define PACKAGE_NAME "Popcorn Distributed OpenMP Multithreading Library"
| #define PACKAGE_TARNAME "libopenpop"
| #define PACKAGE_VERSION "0.1"
| #define PACKAGE_STRING "Popcorn Distributed OpenMP Multithreading Library 0.1"
| #define PACKAGE_BUGREPORT ""
| #define PACKAGE_URL ""
| #define STDC_HEADERS 1
| #define HAVE_SYS_TYPES_H 1
| #define HAVE_SYS_STAT_H 1
| #define HAVE_STDLIB_H 1
| #define HAVE_STRING_H 1
| #define HAVE_MEMORY_H 1
| #define HAVE_STRINGS_H 1
| #define HAVE_INTTYPES_H 1
| #define HAVE_STDINT_H 1
| #define HAVE_UNISTD_H 1
| #define HAVE_DLFCN_H 1
| #define LT_OBJDIR ".libs/"
| #define PACKAGE "libopenpop"
| #define VERSION "0.1"
| #define STDC_HEADERS 1
| #define TIME_WITH_SYS_TIME 1
| #define STRING_WITH_STRINGS 1
| #define HAVE_PTHREAD_H 1
| #define HAVE_UNISTD_H 1
| #define HAVE_SEMAPHORE_H 1
| /* end confdefs.h.  */
| #include <stdio.h>
| #ifdef HAVE_SYS_TYPES_H
| # include <sys/types.h>
| #endif
| #ifdef HAVE_SYS_STAT_H
| # include <sys/stat.h>
| #endif
| #ifdef STDC_HEADERS
| # include <stdlib.h>
| # include <stddef.h>
| #else
| # ifdef HAVE_STDLIB_H
| #  include <stdlib.h>
| # endif
| #endif
| #ifdef HAVE_STRING_H
| # if !defined STDC_HEADERS && defined HAVE_MEMORY_H
| #  include <memory.h>
| # endif
| # include <string.h>
| #endif
| #ifdef HAVE_STRINGS_H
| # include <strings.h>
| #endif
| #ifdef HAVE_INTTYPES_H
| # include <inttypes.h>
| #endif
| #ifdef HAVE_STDINT_H
| # include <stdint.h>
| #endif
| #ifdef HAVE_UNISTD_H
| # include <unistd.h>
| #endif
| #include <sys/loadavg.h>
configure:17123: result: no
configure:17123: checking sys/loadavg.h presence
configure:17123: /usr/local/popcorn/bin/clang -E  conftest.c
conftest.c:29:10: fatal error: 'sys/loadavg.h' file not found
#include <sys/loadavg.h>
         ^
1 error generated.
configure:17123: $? = 1
configure: failed program was:
| /* confdefs.h */
| #define PACKAGE_NAME "Popcorn Distributed OpenMP Multithreading Library"
| #define PACKAGE_TARNAME "libopenpop"
| #define PACKAGE_VERSION "0.1"
| #define PACKAGE_STRING "Popcorn Distributed OpenMP Multithreading Library 0.1"
| #define PACKAGE_BUGREPORT ""
| #define PACKAGE_URL ""
| #define STDC_HEADERS 1
| #define HAVE_SYS_TYPES_H 1
| #define HAVE_SYS_STAT_H 1
| #define HAVE_STDLIB_H 1
| #define HAVE_STRING_H 1
| #define HAVE_MEMORY_H 1
| #define HAVE_STRINGS_H 1
| #define HAVE_INTTYPES_H 1
| #define HAVE_STDINT_H 1
| #define HAVE_UNISTD_H 1
| #define HAVE_DLFCN_H 1
| #define LT_OBJDIR ".libs/"
| #define PACKAGE "libopenpop"
| #define VERSION "0.1"
| #define STDC_HEADERS 1
| #define TIME_WITH_SYS_TIME 1
| #define STRING_WITH_STRINGS 1
| #define HAVE_PTHREAD_H 1
| #define HAVE_UNISTD_H 1
| #define HAVE_SEMAPHORE_H 1
| /* end confdefs.h.  */
| #include <sys/loadavg.h>
configure:17123: result: no
configure:17123: checking for sys/loadavg.h
configure:17123: result: no
configure:17123: checking sys/sysctl.h usability
configure:17123: /usr/local/popcorn/bin/clang -c -target x86_64-linux-gnu                                     -nostdinc -isystem /usr/local/popcorn/x86_64/include                                     -popcorn-alignment  conftest.c >&5
conftest.c:62:10: fatal error: 'sys/sysctl.h' file not found
#include <sys/sysctl.h>
         ^
0  libLLVMSupport.so.3.7       0x00007ffff1834275 llvm::sys::PrintStackTrace(llvm::raw_ostream&) + 44
1  libLLVMSupport.so.3.7       0x00007ffff18345f1
2  libLLVMSupport.so.3.7       0x00007ffff18331c9
3  libc.so.6                   0x00007fffee7ce0e0
4  libclangCodeGen.so.3.7      0x00007ffff0106e0c
5  libclangCodeGen.so.3.7      0x00007ffff029ffba
6  libclangParse.so.3.7        0x00007fffea6f4a3e clang::ParseAST(clang::Sema&, bool, bool) + 787
7  libclangFrontend.so.3.7     0x00007fffef7f7112 clang::ASTFrontendAction::ExecuteAction() + 322
8  libclangCodeGen.so.3.7      0x00007ffff029d698 clang::CodeGenAction::ExecuteAction() + 664
9  libclangFrontend.so.3.7     0x00007fffef7f6bcf clang::FrontendAction::Execute() + 139
10 libclangFrontend.so.3.7     0x00007fffef7ab91f clang::CompilerInstance::ExecuteAction(clang::FrontendAction&) + 775
11 libclangFrontendTool.so.3.7 0x00007fffef370e2c clang::ExecuteCompilerInvocation(clang::CompilerInstance*) + 1120
12 clang-3.7                   0x00000000004469c0 cc1_main(llvm::ArrayRef<char const*>, char const*, void*) + 989
13 clang-3.7                   0x000000000043ddef
14 clang-3.7                   0x000000000043e2d7 main + 1041
15 libc.so.6                   0x00007fffee7bab45 __libc_start_main + 245
16 clang-3.7                   0x000000000043c6b9
Stack dump:
0.	Program arguments: /home/karaoui/popcorn/popcorn-compiler/install/bin/clang-3.7 -cc1 -triple x86_64--linux-gnu -emit-obj -mrelax-all -disable-free -main-file-name conftest.c -mrelocation-model static -mthread-model posix -mdisable-fp-elim -fmath-errno -masm-verbose -mconstructor-aliases -munwind-tables -fuse-init-array -target-cpu x86-64 -dwarf-column-info -coverage-file /home/karaoui/popcorn/popcorn-compiler/lib/libopenpop/conftest.c -nostdsysteminc -nobuiltininc -resource-dir /home/karaoui/popcorn/popcorn-compiler/install/bin/../lib/clang/3.7.1 -isystem /usr/local/popcorn/x86_64/include -fdebug-compilation-dir /home/karaoui/popcorn/popcorn-compiler/lib/libopenpop -ferror-limit 19 -fmessage-length 0 -mstackrealign -fobjc-runtime=gcc -fdiagnostics-show-option -ffunction-sections -fdata-sections -popcorn-alignment -o conftest.o -x c conftest.c 
1.	<eof> parser at end of file
clang-3.7: error: unable to execute command: Segmentation fault
clang-3.7: error: clang frontend command failed due to signal (use -v to see invocation)
clang version 3.7.1 (tags/RELEASE_371/final 322296)
Target: x86_64--linux-gnu
Thread model: posix
clang-3.7: note: diagnostic msg: PLEASE submit a bug report to http://llvm.org/bugs/ and include the crash backtrace, preprocessed source, and associated run script.
clang-3.7: note: diagnostic msg: Error generating preprocessed source(s).
configure:17123: $? = 254
configure: failed program was:
| /* confdefs.h */
| #define PACKAGE_NAME "Popcorn Distributed OpenMP Multithreading Library"
| #define PACKAGE_TARNAME "libopenpop"
| #define PACKAGE_VERSION "0.1"
| #define PACKAGE_STRING "Popcorn Distributed OpenMP Multithreading Library 0.1"
| #define PACKAGE_BUGREPORT ""
| #define PACKAGE_URL ""
| #define STDC_HEADERS 1
| #define HAVE_SYS_TYPES_H 1
| #define HAVE_SYS_STAT_H 1
| #define HAVE_STDLIB_H 1
| #define HAVE_STRING_H 1
| #define HAVE_MEMORY_H 1
| #define HAVE_STRINGS_H 1
| #define HAVE_INTTYPES_H 1
| #define HAVE_STDINT_H 1
| #define HAVE_UNISTD_H 1
| #define HAVE_DLFCN_H 1
| #define LT_OBJDIR ".libs/"
| #define PACKAGE "libopenpop"
| #define VERSION "0.1"
| #define STDC_HEADERS 1
| #define TIME_WITH_SYS_TIME 1
| #define STRING_WITH_STRINGS 1
| #define HAVE_PTHREAD_H 1
| #define HAVE_UNISTD_H 1
| #define HAVE_SEMAPHORE_H 1
| /* end confdefs.h.  */
| #include <stdio.h>
| #ifdef HAVE_SYS_TYPES_H
| # include <sys/types.h>
| #endif
| #ifdef HAVE_SYS_STAT_H
| # include <sys/stat.h>
| #endif
| #ifdef STDC_HEADERS
| # include <stdlib.h>
| # include <stddef.h>
| #else
| # ifdef HAVE_STDLIB_H
| #  include <stdlib.h>
| # endif
| #endif
| #ifdef HAVE_STRING_H
| # if !defined STDC_HEADERS && defined HAVE_MEMORY_H
| #  include <memory.h>
| # endif
| # include <string.h>
| #endif
| #ifdef HAVE_STRINGS_H
| # include <strings.h>
| #endif
| #ifdef HAVE_INTTYPES_H
| # include <inttypes.h>
| #endif
| #ifdef HAVE_STDINT_H
| # include <stdint.h>
| #endif
| #ifdef HAVE_UNISTD_H
| # include <unistd.h>
| #endif
| #include <sys/sysctl.h>
configure:17123: result: no
configure:17123: checking sys/sysctl.h presence
configure:17123: /usr/local/popcorn/bin/clang -E  conftest.c
configure:17123: $? = 0
configure:17123: result: yes
configure:17123: WARNING: sys/sysctl.h: present but cannot be compiled
configure:17123: WARNING: sys/sysctl.h:     check for missing prerequisite headers?
configure:17123: WARNING: sys/sysctl.h: see the Autoconf documentation
configure:17123: WARNING: sys/sysctl.h:     section "Present But Cannot Be Compiled"
configure:17123: WARNING: sys/sysctl.h: proceeding with the compiler's result
configure:17123: checking for sys/sysctl.h
configure:17123: result: no
configure:17123: checking sys/time.h usability
configure:17123: /usr/local/popcorn/bin/clang -c -target x86_64-linux-gnu                                     -nostdinc -isystem /usr/local/popcorn/x86_64/include                                     -popcorn-alignment  conftest.c >&5
configure:17123: $? = 0
configure:17123: result: yes
configure:17123: checking sys/time.h presence
configure:17123: /usr/local/popcorn/bin/clang -E  conftest.c
configure:17123: $? = 0
configure:17123: result: yes
configure:17123: checking for sys/time.h
configure:17123: result: yes
configure:17147: checking for uintmax_t
configure:17147: /usr/local/popcorn/bin/clang -c -target x86_64-linux-gnu                                     -nostdinc -isystem /usr/local/popcorn/x86_64/include                                     -popcorn-alignment  conftest.c >&5
configure:17147: $? = 0
configure:17147: /usr/local/popcorn/bin/clang -c -target x86_64-linux-gnu                                     -nostdinc -isystem /usr/local/popcorn/x86_64/include                                     -popcorn-alignment  conftest.c >&5
conftest.c:36:24: error: expected expression
if (sizeof ((uintmax_t)))
                       ^
0  libLLVMSupport.so.3.7       0x00007ffff1834275 llvm::sys::PrintStackTrace(llvm::raw_ostream&) + 44
1  libLLVMSupport.so.3.7       0x00007ffff18345f1
2  libLLVMSupport.so.3.7       0x00007ffff18331c9
3  libc.so.6                   0x00007fffee7ce0e0
4  libclangCodeGen.so.3.7      0x00007ffff0106e0c
5  libclangCodeGen.so.3.7      0x00007ffff029ffba
6  libclangParse.so.3.7        0x00007fffea6f4a3e clang::ParseAST(clang::Sema&, bool, bool) + 787
7  libclangFrontend.so.3.7     0x00007fffef7f7112 clang::ASTFrontendAction::ExecuteAction() + 322
8  libclangCodeGen.so.3.7      0x00007ffff029d698 clang::CodeGenAction::ExecuteAction() + 664
9  libclangFrontend.so.3.7     0x00007fffef7f6bcf clang::FrontendAction::Execute() + 139
10 libclangFrontend.so.3.7     0x00007fffef7ab91f clang::CompilerInstance::ExecuteAction(clang::FrontendAction&) + 775
11 libclangFrontendTool.so.3.7 0x00007fffef370e2c clang::ExecuteCompilerInvocation(clang::CompilerInstance*) + 1120
12 clang-3.7                   0x00000000004469c0 cc1_main(llvm::ArrayRef<char const*>, char const*, void*) + 989
13 clang-3.7                   0x000000000043ddef
14 clang-3.7                   0x000000000043e2d7 main + 1041
15 libc.so.6                   0x00007fffee7bab45 __libc_start_main + 245
16 clang-3.7                   0x000000000043c6b9
Stack dump:
0.	Program arguments: /home/karaoui/popcorn/popcorn-compiler/install/bin/clang-3.7 -cc1 -triple x86_64--linux-gnu -emit-obj -mrelax-all -disable-free -main-file-name conftest.c -mrelocation-model static -mthread-model posix -mdisable-fp-elim -fmath-errno -masm-verbose -mconstructor-aliases -munwind-tables -fuse-init-array -target-cpu x86-64 -dwarf-column-info -coverage-file /home/karaoui/popcorn/popcorn-compiler/lib/libopenpop/conftest.c -nostdsysteminc -nobuiltininc -resource-dir /home/karaoui/popcorn/popcorn-compiler/install/bin/../lib/clang/3.7.1 -isystem /usr/local/popcorn/x86_64/include -fdebug-compilation-dir /home/karaoui/popcorn/popcorn-compiler/lib/libopenpop -ferror-limit 19 -fmessage-length 0 -mstackrealign -fobjc-runtime=gcc -fdiagnostics-show-option -ffunction-sections -fdata-sections -popcorn-alignment -o conftest.o -x c conftest.c 
1.	<eof> parser at end of file
clang-3.7: error: unable to execute command: Segmentation fault
clang-3.7: error: clang frontend command failed due to signal (use -v to see invocation)
clang version 3.7.1 (tags/RELEASE_371/final 322296)
Target: x86_64--linux-gnu
Thread model: posix
clang-3.7: note: diagnostic msg: PLEASE submit a bug report to http://llvm.org/bugs/ and include the crash backtrace, preprocessed source, and associated run script.
clang-3.7: note: diagnostic msg: 
********************

PLEASE ATTACH THE FOLLOWING FILES TO THE BUG REPORT:
Preprocessed source(s) and associated run script(s) are located at:
clang-3.7: note: diagnostic msg: /tmp/conftest-513ef6.c
clang-3.7: note: diagnostic msg: /tmp/conftest-513ef6.sh
clang-3.7: note: diagnostic msg: 

********************
configure:17147: $? = 254
configure: failed program was:
| /* confdefs.h */
| #define PACKAGE_NAME "Popcorn Distributed OpenMP Multithreading Library"
| #define PACKAGE_TARNAME "libopenpop"
| #define PACKAGE_VERSION "0.1"
| #define PACKAGE_STRING "Popcorn Distributed OpenMP Multithreading Library 0.1"
| #define PACKAGE_BUGREPORT ""
| #define PACKAGE_URL ""
| #define STDC_HEADERS 1
| #define HAVE_SYS_TYPES_H 1
| #define HAVE_SYS_STAT_H 1
| #define HAVE_STDLIB_H 1
| #define HAVE_STRING_H 1
| #define HAVE_MEMORY_H 1
| #define HAVE_STRINGS_H 1
| #define HAVE_INTTYPES_H 1
| #define HAVE_STDINT_H 1
| #define HAVE_UNISTD_H 1
| #define HAVE_DLFCN_H 1
| #define LT_OBJDIR ".libs/"
| #define PACKAGE "libopenpop"
| #define VERSION "0.1"
| #define STDC_HEADERS 1
| #define TIME_WITH_SYS_TIME 1
| #define STRING_WITH_STRINGS 1
| #define HAVE_PTHREAD_H 1
| #define HAVE_UNISTD_H 1
| #define HAVE_SEMAPHORE_H 1
| #define HAVE_SYS_TIME_H 1
| /* end confdefs.h.  */
| #include <sys/types.h>
| #include <stdint.h>
| 
| int
| main ()
| {
| if (sizeof ((uintmax_t)))
| 	    return 0;
|   ;
|   return 0;
| }
configure:17147: result: yes
configure:17156: checking for uintptr_t
configure:17156: /usr/local/popcorn/bin/clang -c -target x86_64-linux-gnu                                     -nostdinc -isystem /usr/local/popcorn/x86_64/include                                     -popcorn-alignment  conftest.c >&5
configure:17156: $? = 0
configure:17156: /usr/local/popcorn/bin/clang -c -target x86_64-linux-gnu                                     -nostdinc -isystem /usr/local/popcorn/x86_64/include                                     -popcorn-alignment  conftest.c >&5
conftest.c:36:24: error: expected expression
if (sizeof ((uintptr_t)))
                       ^
0  libLLVMSupport.so.3.7       0x00007ffff1834275 llvm::sys::PrintStackTrace(llvm::raw_ostream&) + 44
1  libLLVMSupport.so.3.7       0x00007ffff18345f1
2  libLLVMSupport.so.3.7       0x00007ffff18331c9
3  libc.so.6                   0x00007fffee7ce0e0
4  libclangCodeGen.so.3.7      0x00007ffff0106e0c
5  libclangCodeGen.so.3.7      0x00007ffff029ffba
6  libclangParse.so.3.7        0x00007fffea6f4a3e clang::ParseAST(clang::Sema&, bool, bool) + 787
7  libclangFrontend.so.3.7     0x00007fffef7f7112 clang::ASTFrontendAction::ExecuteAction() + 322
8  libclangCodeGen.so.3.7      0x00007ffff029d698 clang::CodeGenAction::ExecuteAction() + 664
9  libclangFrontend.so.3.7     0x00007fffef7f6bcf clang::FrontendAction::Execute() + 139
10 libclangFrontend.so.3.7     0x00007fffef7ab91f clang::CompilerInstance::ExecuteAction(clang::FrontendAction&) + 775
11 libclangFrontendTool.so.3.7 0x00007fffef370e2c clang::ExecuteCompilerInvocation(clang::CompilerInstance*) + 1120
12 clang-3.7                   0x00000000004469c0 cc1_main(llvm::ArrayRef<char const*>, char const*, void*) + 989
13 clang-3.7                   0x000000000043ddef
14 clang-3.7                   0x000000000043e2d7 main + 1041
15 libc.so.6                   0x00007fffee7bab45 __libc_start_main + 245
16 clang-3.7                   0x000000000043c6b9
Stack dump:
0.	Program arguments: /home/karaoui/popcorn/popcorn-compiler/install/bin/clang-3.7 -cc1 -triple x86_64--linux-gnu -emit-obj -mrelax-all -disable-free -main-file-name conftest.c -mrelocation-model static -mthread-model posix -mdisable-fp-elim -fmath-errno -masm-verbose -mconstructor-aliases -munwind-tables -fuse-init-array -target-cpu x86-64 -dwarf-column-info -coverage-file /home/karaoui/popcorn/popcorn-compiler/lib/libopenpop/conftest.c -nostdsysteminc -nobuiltininc -resource-dir /home/karaoui/popcorn/popcorn-compiler/install/bin/../lib/clang/3.7.1 -isystem /usr/local/popcorn/x86_64/include -fdebug-compilation-dir /home/karaoui/popcorn/popcorn-compiler/lib/libopenpop -ferror-limit 19 -fmessage-length 0 -mstackrealign -fobjc-runtime=gcc -fdiagnostics-show-option -ffunction-sections -fdata-sections -popcorn-alignment -o conftest.o -x c conftest.c 
1.	<eof> parser at end of file
clang-3.7: error: unable to execute command: Segmentation fault
clang-3.7: error: clang frontend command failed due to signal (use -v to see invocation)
clang version 3.7.1 (tags/RELEASE_371/final 322296)
Target: x86_64--linux-gnu
Thread model: posix
clang-3.7: note: diagnostic msg: PLEASE submit a bug report to http://llvm.org/bugs/ and include the crash backtrace, preprocessed source, and associated run script.
clang-3.7: note: diagnostic msg: 
********************

PLEASE ATTACH THE FOLLOWING FILES TO THE BUG REPORT:
Preprocessed source(s) and associated run script(s) are located at:
clang-3.7: note: diagnostic msg: /tmp/conftest-e34b1f.c
clang-3.7: note: diagnostic msg: /tmp/conftest-e34b1f.sh
clang-3.7: note: diagnostic msg: 

********************
configure:17156: $? = 254
configure: failed program was:
| /* confdefs.h */
| #define PACKAGE_NAME "Popcorn Distributed OpenMP Multithreading Library"
| #define PACKAGE_TARNAME "libopenpop"
| #define PACKAGE_VERSION "0.1"
| #define PACKAGE_STRING "Popcorn Distributed OpenMP Multithreading Library 0.1"
| #define PACKAGE_BUGREPORT ""
| #define PACKAGE_URL ""
| #define STDC_HEADERS 1
| #define HAVE_SYS_TYPES_H 1
| #define HAVE_SYS_STAT_H 1
| #define HAVE_STDLIB_H 1
| #define HAVE_STRING_H 1
| #define HAVE_MEMORY_H 1
| #define HAVE_STRINGS_H 1
| #define HAVE_INTTYPES_H 1
| #define HAVE_STDINT_H 1
| #define HAVE_UNISTD_H 1
| #define HAVE_DLFCN_H 1
| #define LT_OBJDIR ".libs/"
| #define PACKAGE "libopenpop"
| #define VERSION "0.1"
| #define STDC_HEADERS 1
| #define TIME_WITH_SYS_TIME 1
| #define STRING_WITH_STRINGS 1
| #define HAVE_PTHREAD_H 1
| #define HAVE_UNISTD_H 1
| #define HAVE_SEMAPHORE_H 1
| #define HAVE_SYS_TIME_H 1
| /* end confdefs.h.  */
| #include <sys/types.h>
| #include <stdint.h>
| 
| int
| main ()
| {
| if (sizeof ((uintptr_t)))
| 	    return 0;
|   ;
|   return 0;
| }
configure:17156: result: yes
configure:17165: checking for int_least32_t
configure:17165: /usr/local/popcorn/bin/clang -c -target x86_64-linux-gnu                                     -nostdinc -isystem /usr/local/popcorn/x86_64/include                                     -popcorn-alignment  conftest.c >&5
configure:17165: $? = 0
configure:17165: /usr/local/popcorn/bin/clang -c -target x86_64-linux-gnu                                     -nostdinc -isystem /usr/local/popcorn/x86_64/include                                     -popcorn-alignment  conftest.c >&5
conftest.c:36:28: error: expected expression
if (sizeof ((int_least32_t)))
                           ^
0  libLLVMSupport.so.3.7       0x00007ffff1834275 llvm::sys::PrintStackTrace(llvm::raw_ostream&) + 44
1  libLLVMSupport.so.3.7       0x00007ffff18345f1
2  libLLVMSupport.so.3.7       0x00007ffff18331c9
3  libc.so.6                   0x00007fffee7ce0e0
4  libclangCodeGen.so.3.7      0x00007ffff0106e0c
5  libclangCodeGen.so.3.7      0x00007ffff029ffba
6  libclangParse.so.3.7        0x00007fffea6f4a3e clang::ParseAST(clang::Sema&, bool, bool) + 787
7  libclangFrontend.so.3.7     0x00007fffef7f7112 clang::ASTFrontendAction::ExecuteAction() + 322
8  libclangCodeGen.so.3.7      0x00007ffff029d698 clang::CodeGenAction::ExecuteAction() + 664
9  libclangFrontend.so.3.7     0x00007fffef7f6bcf clang::FrontendAction::Execute() + 139
10 libclangFrontend.so.3.7     0x00007fffef7ab91f clang::CompilerInstance::ExecuteAction(clang::FrontendAction&) + 775
11 libclangFrontendTool.so.3.7 0x00007fffef370e2c clang::ExecuteCompilerInvocation(clang::CompilerInstance*) + 1120
12 clang-3.7                   0x00000000004469c0 cc1_main(llvm::ArrayRef<char const*>, char const*, void*) + 989
13 clang-3.7                   0x000000000043ddef
14 clang-3.7                   0x000000000043e2d7 main + 1041
15 libc.so.6                   0x00007fffee7bab45 __libc_start_main + 245
16 clang-3.7                   0x000000000043c6b9
Stack dump:
0.	Program arguments: /home/karaoui/popcorn/popcorn-compiler/install/bin/clang-3.7 -cc1 -triple x86_64--linux-gnu -emit-obj -mrelax-all -disable-free -main-file-name conftest.c -mrelocation-model static -mthread-model posix -mdisable-fp-elim -fmath-errno -masm-verbose -mconstructor-aliases -munwind-tables -fuse-init-array -target-cpu x86-64 -dwarf-column-info -coverage-file /home/karaoui/popcorn/popcorn-compiler/lib/libopenpop/conftest.c -nostdsysteminc -nobuiltininc -resource-dir /home/karaoui/popcorn/popcorn-compiler/install/bin/../lib/clang/3.7.1 -isystem /usr/local/popcorn/x86_64/include -fdebug-compilation-dir /home/karaoui/popcorn/popcorn-compiler/lib/libopenpop -ferror-limit 19 -fmessage-length 0 -mstackrealign -fobjc-runtime=gcc -fdiagnostics-show-option -ffunction-sections -fdata-sections -popcorn-alignment -o conftest.o -x c conftest.c 
1.	<eof> parser at end of file
clang-3.7: error: unable to execute command: Segmentation fault
clang-3.7: error: clang frontend command failed due to signal (use -v to see invocation)
clang version 3.7.1 (tags/RELEASE_371/final 322296)
Target: x86_64--linux-gnu
Thread model: posix
clang-3.7: note: diagnostic msg: PLEASE submit a bug report to http://llvm.org/bugs/ and include the crash backtrace, preprocessed source, and associated run script.
clang-3.7: note: diagnostic msg: 
********************

PLEASE ATTACH THE FOLLOWING FILES TO THE BUG REPORT:
Preprocessed source(s) and associated run script(s) are located at:
clang-3.7: note: diagnostic msg: /tmp/conftest-2b6434.c
clang-3.7: note: diagnostic msg: /tmp/conftest-2b6434.sh
clang-3.7: note: diagnostic msg: 

********************
configure:17165: $? = 254
configure: failed program was:
| /* confdefs.h */
| #define PACKAGE_NAME "Popcorn Distributed OpenMP Multithreading Library"
| #define PACKAGE_TARNAME "libopenpop"
| #define PACKAGE_VERSION "0.1"
| #define PACKAGE_STRING "Popcorn Distributed OpenMP Multithreading Library 0.1"
| #define PACKAGE_BUGREPORT ""
| #define PACKAGE_URL ""
| #define STDC_HEADERS 1
| #define HAVE_SYS_TYPES_H 1
| #define HAVE_SYS_STAT_H 1
| #define HAVE_STDLIB_H 1
| #define HAVE_STRING_H 1
| #define HAVE_MEMORY_H 1
| #define HAVE_STRINGS_H 1
| #define HAVE_INTTYPES_H 1
| #define HAVE_STDINT_H 1
| #define HAVE_UNISTD_H 1
| #define HAVE_DLFCN_H 1
| #define LT_OBJDIR ".libs/"
| #define PACKAGE "libopenpop"
| #define VERSION "0.1"
| #define STDC_HEADERS 1
| #define TIME_WITH_SYS_TIME 1
| #define STRING_WITH_STRINGS 1
| #define HAVE_PTHREAD_H 1
| #define HAVE_UNISTD_H 1
| #define HAVE_SEMAPHORE_H 1
| #define HAVE_SYS_TIME_H 1
| /* end confdefs.h.  */
| #include <sys/types.h>
| #include <stdint.h>
| 
| int
| main ()
| {
| if (sizeof ((int_least32_t)))
| 	    return 0;
|   ;
|   return 0;
| }
configure:17165: result: yes
configure:17174: checking for int_fast32_t
configure:17174: /usr/local/popcorn/bin/clang -c -target x86_64-linux-gnu                                     -nostdinc -isystem /usr/local/popcorn/x86_64/include                                     -popcorn-alignment  conftest.c >&5
configure:17174: $? = 0
configure:17174: /usr/local/popcorn/bin/clang -c -target x86_64-linux-gnu                                     -nostdinc -isystem /usr/local/popcorn/x86_64/include                                     -popcorn-alignment  conftest.c >&5
conftest.c:36:27: error: expected expression
if (sizeof ((int_fast32_t)))
                          ^
0  libLLVMSupport.so.3.7       0x00007ffff1834275 llvm::sys::PrintStackTrace(llvm::raw_ostream&) + 44
1  libLLVMSupport.so.3.7       0x00007ffff18345f1
2  libLLVMSupport.so.3.7       0x00007ffff18331c9
3  libc.so.6                   0x00007fffee7ce0e0
4  libclangCodeGen.so.3.7      0x00007ffff0106e0c
5  libclangCodeGen.so.3.7      0x00007ffff029ffba
6  libclangParse.so.3.7        0x00007fffea6f4a3e clang::ParseAST(clang::Sema&, bool, bool) + 787
7  libclangFrontend.so.3.7     0x00007fffef7f7112 clang::ASTFrontendAction::ExecuteAction() + 322
8  libclangCodeGen.so.3.7      0x00007ffff029d698 clang::CodeGenAction::ExecuteAction() + 664
9  libclangFrontend.so.3.7     0x00007fffef7f6bcf clang::FrontendAction::Execute() + 139
10 libclangFrontend.so.3.7     0x00007fffef7ab91f clang::CompilerInstance::ExecuteAction(clang::FrontendAction&) + 775
11 libclangFrontendTool.so.3.7 0x00007fffef370e2c clang::ExecuteCompilerInvocation(clang::CompilerInstance*) + 1120
12 clang-3.7                   0x00000000004469c0 cc1_main(llvm::ArrayRef<char const*>, char const*, void*) + 989
13 clang-3.7                   0x000000000043ddef
14 clang-3.7                   0x000000000043e2d7 main + 1041
15 libc.so.6                   0x00007fffee7bab45 __libc_start_main + 245
16 clang-3.7                   0x000000000043c6b9
Stack dump:
0.	Program arguments: /home/karaoui/popcorn/popcorn-compiler/install/bin/clang-3.7 -cc1 -triple x86_64--linux-gnu -emit-obj -mrelax-all -disable-free -main-file-name conftest.c -mrelocation-model static -mthread-model posix -mdisable-fp-elim -fmath-errno -masm-verbose -mconstructor-aliases -munwind-tables -fuse-init-array -target-cpu x86-64 -dwarf-column-info -coverage-file /home/karaoui/popcorn/popcorn-compiler/lib/libopenpop/conftest.c -nostdsysteminc -nobuiltininc -resource-dir /home/karaoui/popcorn/popcorn-compiler/install/bin/../lib/clang/3.7.1 -isystem /usr/local/popcorn/x86_64/include -fdebug-compilation-dir /home/karaoui/popcorn/popcorn-compiler/lib/libopenpop -ferror-limit 19 -fmessage-length 0 -mstackrealign -fobjc-runtime=gcc -fdiagnostics-show-option -ffunction-sections -fdata-sections -popcorn-alignment -o conftest.o -x c conftest.c 
1.	<eof> parser at end of file
clang-3.7: error: unable to execute command: Segmentation fault
clang-3.7: error: clang frontend command failed due to signal (use -v to see invocation)
clang version 3.7.1 (tags/RELEASE_371/final 322296)
Target: x86_64--linux-gnu
Thread model: posix
clang-3.7: note: diagnostic msg: PLEASE submit a bug report to http://llvm.org/bugs/ and include the crash backtrace, preprocessed source, and associated run script.
clang-3.7: note: diagnostic msg: 
********************

PLEASE ATTACH THE FOLLOWING FILES TO THE BUG REPORT:
Preprocessed source(s) and associated run script(s) are located at:
clang-3.7: note: diagnostic msg: /tmp/conftest-3ee353.c
clang-3.7: note: diagnostic msg: /tmp/conftest-3ee353.sh
clang-3.7: note: diagnostic msg: 

********************
configure:17174: $? = 254
configure: failed program was:
| /* confdefs.h */
| #define PACKAGE_NAME "Popcorn Distributed OpenMP Multithreading Library"
| #define PACKAGE_TARNAME "libopenpop"
| #define PACKAGE_VERSION "0.1"
| #define PACKAGE_STRING "Popcorn Distributed OpenMP Multithreading Library 0.1"
| #define PACKAGE_BUGREPORT ""
| #define PACKAGE_URL ""
| #define STDC_HEADERS 1
| #define HAVE_SYS_TYPES_H 1
| #define HAVE_SYS_STAT_H 1
| #define HAVE_STDLIB_H 1
| #define HAVE_STRING_H 1
| #define HAVE_MEMORY_H 1
| #define HAVE_STRINGS_H 1
| #define HAVE_INTTYPES_H 1
| #define HAVE_STDINT_H 1
| #define HAVE_UNISTD_H 1
| #define HAVE_DLFCN_H 1
| #define LT_OBJDIR ".libs/"
| #define PACKAGE "libopenpop"
| #define VERSION "0.1"
| #define STDC_HEADERS 1
| #define TIME_WITH_SYS_TIME 1
| #define STRING_WITH_STRINGS 1
| #define HAVE_PTHREAD_H 1
| #define HAVE_UNISTD_H 1
| #define HAVE_SEMAPHORE_H 1
| #define HAVE_SYS_TIME_H 1
| /* end confdefs.h.  */
| #include <sys/types.h>
| #include <stdint.h>
| 
| int
| main ()
| {
| if (sizeof ((int_fast32_t)))
| 	    return 0;
|   ;
|   return 0;
| }
configure:17174: result: yes
configure:17183: checking for uint64_t
configure:17183: /usr/local/popcorn/bin/clang -c -target x86_64-linux-gnu                                     -nostdinc -isystem /usr/local/popcorn/x86_64/include                                     -popcorn-alignment  conftest.c >&5
configure:17183: $? = 0
configure:17183: /usr/local/popcorn/bin/clang -c -target x86_64-linux-gnu                                     -nostdinc -isystem /usr/local/popcorn/x86_64/include                                     -popcorn-alignment  conftest.c >&5
conftest.c:36:23: error: expected expression
if (sizeof ((uint64_t)))
                      ^
0  libLLVMSupport.so.3.7       0x00007ffff1834275 llvm::sys::PrintStackTrace(llvm::raw_ostream&) + 44
1  libLLVMSupport.so.3.7       0x00007ffff18345f1
2  libLLVMSupport.so.3.7       0x00007ffff18331c9
3  libc.so.6                   0x00007fffee7ce0e0
4  libclangCodeGen.so.3.7      0x00007ffff0106e0c
5  libclangCodeGen.so.3.7      0x00007ffff029ffba
6  libclangParse.so.3.7        0x00007fffea6f4a3e clang::ParseAST(clang::Sema&, bool, bool) + 787
7  libclangFrontend.so.3.7     0x00007fffef7f7112 clang::ASTFrontendAction::ExecuteAction() + 322
8  libclangCodeGen.so.3.7      0x00007ffff029d698 clang::CodeGenAction::ExecuteAction() + 664
9  libclangFrontend.so.3.7     0x00007fffef7f6bcf clang::FrontendAction::Execute() + 139
10 libclangFrontend.so.3.7     0x00007fffef7ab91f clang::CompilerInstance::ExecuteAction(clang::FrontendAction&) + 775
11 libclangFrontendTool.so.3.7 0x00007fffef370e2c clang::ExecuteCompilerInvocation(clang::CompilerInstance*) + 1120
12 clang-3.7                   0x00000000004469c0 cc1_main(llvm::ArrayRef<char const*>, char const*, void*) + 989
13 clang-3.7                   0x000000000043ddef
14 clang-3.7                   0x000000000043e2d7 main + 1041
15 libc.so.6                   0x00007fffee7bab45 __libc_start_main + 245
16 clang-3.7                   0x000000000043c6b9
Stack dump:
0.	Program arguments: /home/karaoui/popcorn/popcorn-compiler/install/bin/clang-3.7 -cc1 -triple x86_64--linux-gnu -emit-obj -mrelax-all -disable-free -main-file-name conftest.c -mrelocation-model static -mthread-model posix -mdisable-fp-elim -fmath-errno -masm-verbose -mconstructor-aliases -munwind-tables -fuse-init-array -target-cpu x86-64 -dwarf-column-info -coverage-file /home/karaoui/popcorn/popcorn-compiler/lib/libopenpop/conftest.c -nostdsysteminc -nobuiltininc -resource-dir /home/karaoui/popcorn/popcorn-compiler/install/bin/../lib/clang/3.7.1 -isystem /usr/local/popcorn/x86_64/include -fdebug-compilation-dir /home/karaoui/popcorn/popcorn-compiler/lib/libopenpop -ferror-limit 19 -fmessage-length 0 -mstackrealign -fobjc-runtime=gcc -fdiagnostics-show-option -ffunction-sections -fdata-sections -popcorn-alignment -o conftest.o -x c conftest.c 
1.	<eof> parser at end of file
clang-3.7: error: unable to execute command: Segmentation fault
clang-3.7: error: clang frontend command failed due to signal (use -v to see invocation)
clang version 3.7.1 (tags/RELEASE_371/final 322296)
Target: x86_64--linux-gnu
Thread model: posix
clang-3.7: note: diagnostic msg: PLEASE submit a bug report to http://llvm.org/bugs/ and include the crash backtrace, preprocessed source, and associated run script.
clang-3.7: note: diagnostic msg: 
********************

PLEASE ATTACH THE FOLLOWING FILES TO THE BUG REPORT:
Preprocessed source(s) and associated run script(s) are located at:
clang-3.7: note: diagnostic msg: /tmp/conftest-e78acb.c
clang-3.7: note: diagnostic msg: /tmp/conftest-e78acb.sh
clang-3.7: note: diagnostic msg: 

********************
configure:17183: $? = 254
configure: failed program was:
| /* confdefs.h */
| #define PACKAGE_NAME "Popcorn Distributed OpenMP Multithreading Library"
| #define PACKAGE_TARNAME "libopenpop"
| #define PACKAGE_VERSION "0.1"
| #define PACKAGE_STRING "Popcorn Distributed OpenMP Multithreading Library 0.1"
| #define PACKAGE_BUGREPORT ""
| #define PACKAGE_URL ""
| #define STDC_HEADERS 1
| #define HAVE_SYS_TYPES_H 1
| #define HAVE_SYS_STAT_H 1
| #define HAVE_STDLIB_H 1
| #define HAVE_STRING_H 1
| #define HAVE_MEMORY_H 1
| #define HAVE_STRINGS_H 1
| #define HAVE_INTTYPES_H 1
| #define HAVE_STDINT_H 1
| #define HAVE_UNISTD_H 1
| #define HAVE_DLFCN_H 1
| #define LT_OBJDIR ".libs/"
| #define PACKAGE "libopenpop"
| #define VERSION "0.1"
| #define STDC_HEADERS 1
| #define TIME_WITH_SYS_TIME 1
| #define STRING_WITH_STRINGS 1
| #define HAVE_PTHREAD_H 1
| #define HAVE_UNISTD_H 1
| #define HAVE_SEMAPHORE_H 1
| #define HAVE_SYS_TIME_H 1
| /* end confdefs.h.  */
| #include <sys/types.h>
| #include <stdint.h>
| 
| int
| main ()
| {
| if (sizeof ((uint64_t)))
| 	    return 0;
|   ;
|   return 0;
| }
configure:17183: result: yes
configure:17264: checking what to include in gstdint.h
configure:17292: result: stdint.h (already complete)
configure:17563: /usr/local/popcorn/bin/clang -o conftest -target x86_64-linux-gnu                                     -nostdinc -isystem /usr/local/popcorn/x86_64/include                                     -popcorn-alignment -pthread   conftest.c  >&5
configure:17563: $? = 0
configure:17634: checking for dlsym in -ldl
configure:17659: /usr/local/popcorn/bin/clang -o conftest -target x86_64-linux-gnu                                     -nostdinc -isystem /usr/local/popcorn/x86_64/include                                     -popcorn-alignment -pthread   conftest.c -ldl   >&5
configure:17659: $? = 0
configure:17668: result: yes
configure:17694: checking for unistd.h
configure:17694: result: yes
configure:17714: checking for secure_getenv
configure:17714: /usr/local/popcorn/bin/clang -o conftest -target x86_64-linux-gnu                                     -nostdinc -isystem /usr/local/popcorn/x86_64/include                                     -popcorn-alignment -pthread   conftest.c -ldl  >&5
configure:17714: $? = 0
configure:17714: result: yes
configure:17714: checking for __secure_getenv
configure:17714: /usr/local/popcorn/bin/clang -o conftest -target x86_64-linux-gnu                                     -nostdinc -isystem /usr/local/popcorn/x86_64/include                                     -popcorn-alignment -pthread   conftest.c -ldl  >&5
/tmp/conftest-d6ca75.o:conftest.c:function main: error: undefined reference to '__secure_getenv'
clang-3.7: error: linker command failed with exit code 1 (use -v to see invocation)
configure:17714: $? = 1
configure: failed program was:
| /* confdefs.h */
| #define PACKAGE_NAME "Popcorn Distributed OpenMP Multithreading Library"
| #define PACKAGE_TARNAME "libopenpop"
| #define PACKAGE_VERSION "0.1"
| #define PACKAGE_STRING "Popcorn Distributed OpenMP Multithreading Library 0.1"
| #define PACKAGE_BUGREPORT ""
| #define PACKAGE_URL ""
| #define STDC_HEADERS 1
| #define HAVE_SYS_TYPES_H 1
| #define HAVE_SYS_STAT_H 1
| #define HAVE_STDLIB_H 1
| #define HAVE_STRING_H 1
| #define HAVE_MEMORY_H 1
| #define HAVE_STRINGS_H 1
| #define HAVE_INTTYPES_H 1
| #define HAVE_STDINT_H 1
| #define HAVE_UNISTD_H 1
| #define HAVE_DLFCN_H 1
| #define LT_OBJDIR ".libs/"
| #define PACKAGE "libopenpop"
| #define VERSION "0.1"
| #define STDC_HEADERS 1
| #define TIME_WITH_SYS_TIME 1
| #define STRING_WITH_STRINGS 1
| #define HAVE_PTHREAD_H 1
| #define HAVE_UNISTD_H 1
| #define HAVE_SEMAPHORE_H 1
| #define HAVE_SYS_TIME_H 1
| #define LIBGOMP_USE_PTHREADS 1
| #define HAVE_LIBDL 1
| #define PLUGIN_SUPPORT 1
| #define HAVE_UNISTD_H 1
| #define HAVE_SECURE_GETENV 1
| /* end confdefs.h.  */
| /* Define __secure_getenv to an innocuous variant, in case <limits.h> declares __secure_getenv.
|    For example, HP-UX 11i <limits.h> declares gettimeofday.  */
| #define __secure_getenv innocuous___secure_getenv
| 
| /* System header to define __stub macros and hopefully few prototypes,
|     which can conflict with char __secure_getenv (); below.
|     Prefer <limits.h> to <assert.h> if __STDC__ is defined, since
|     <limits.h> exists even on freestanding compilers.  */
| 
| #ifdef __STDC__
| # include <limits.h>
| #else
| # include <assert.h>
| #endif
| 
| #undef __secure_getenv
| 
| /* Override any GCC internal prototype to avoid an error.
|    Use char because int might match the return type of a GCC
|    builtin and then its argument prototype would still apply.  */
| #ifdef __cplusplus
| extern "C"
| #endif
| char __secure_getenv ();
| /* The GNU C library defines this for functions which it implements
|     to always fail with ENOSYS.  Some functions are actually named
|     something starting with __ and the normal name is an alias.  */
| #if defined __stub___secure_getenv || defined __stub_____secure_getenv
| choke me
| #endif
| 
| int
| main ()
| {
| return __secure_getenv ();
|   ;
|   return 0;
| }
configure:17714: result: no
configure:17714: checking for getuid
configure:17714: /usr/local/popcorn/bin/clang -o conftest -target x86_64-linux-gnu                                     -nostdinc -isystem /usr/local/popcorn/x86_64/include                                     -popcorn-alignment -pthread   conftest.c -ldl  >&5
configure:17714: $? = 0
configure:17714: result: yes
configure:17714: checking for geteuid
configure:17714: /usr/local/popcorn/bin/clang -o conftest -target x86_64-linux-gnu                                     -nostdinc -isystem /usr/local/popcorn/x86_64/include                                     -popcorn-alignment -pthread   conftest.c -ldl  >&5
configure:17714: $? = 0
configure:17714: result: yes
configure:17714: checking for getgid
configure:17714: /usr/local/popcorn/bin/clang -o conftest -target x86_64-linux-gnu                                     -nostdinc -isystem /usr/local/popcorn/x86_64/include                                     -popcorn-alignment -pthread   conftest.c -ldl  >&5
configure:17714: $? = 0
configure:17714: result: yes
configure:17714: checking for getegid
configure:17714: /usr/local/popcorn/bin/clang -o conftest -target x86_64-linux-gnu                                     -nostdinc -isystem /usr/local/popcorn/x86_64/include                                     -popcorn-alignment -pthread   conftest.c -ldl  >&5
configure:17714: $? = 0
configure:17714: result: yes
configure:18022: checking for getloadavg
configure:18022: /usr/local/popcorn/bin/clang -o conftest -target x86_64-linux-gnu                                     -nostdinc -isystem /usr/local/popcorn/x86_64/include                                     -popcorn-alignment -pthread   conftest.c -ldl  >&5
configure:18022: $? = 0
configure:18022: result: yes
configure:18022: checking for clock_gettime
configure:18022: /usr/local/popcorn/bin/clang -o conftest -target x86_64-linux-gnu                                     -nostdinc -isystem /usr/local/popcorn/x86_64/include                                     -popcorn-alignment -pthread   conftest.c -ldl  >&5
configure:18022: $? = 0
configure:18022: result: yes
configure:18022: checking for strtoull
configure:18022: /usr/local/popcorn/bin/clang -o conftest -target x86_64-linux-gnu                                     -nostdinc -isystem /usr/local/popcorn/x86_64/include                                     -popcorn-alignment -pthread   conftest.c -ldl  >&5
configure:18022: $? = 0
configure:18022: result: yes
configure:18095: /usr/local/popcorn/bin/clang -o conftest -target x86_64-linux-gnu                                     -nostdinc -isystem /usr/local/popcorn/x86_64/include                                     -popcorn-alignment -pthread   conftest.c -ldl  >&5
conftest.c:52:1: warning: implicit declaration of function 'syscall' is invalid in C99 [-Wimplicit-function-declaration]
syscall (SYS_gettid); syscall (SYS_futex, &lk, 0, 0, 0);
^
1 warning generated.
configure:18095: $? = 0
configure:18113: /usr/local/popcorn/bin/clang -o conftest -target x86_64-linux-gnu                                     -nostdinc -isystem /usr/local/popcorn/x86_64/include                                     -popcorn-alignment -pthread   conftest.c -lpthread -ldl  >&5
configure:18113: $? = 0
configure:18189: /usr/local/popcorn/bin/clang -o conftest -target x86_64-linux-gnu                                     -nostdinc -isystem /usr/local/popcorn/x86_64/include                                     -popcorn-alignment -pthread   conftest.c -ldl  >&5
conftest.c:61:4: warning: implicit declaration of function 'pthread_attr_getaffinity_np' is invalid in C99 [-Wimplicit-function-declaration]
   pthread_attr_getaffinity_np (&attr, sizeof (cpu_set_t), &cpuset);
   ^
conftest.c:62:4: warning: implicit declaration of function 'pthread_attr_setaffinity_np' is invalid in C99 [-Wimplicit-function-declaration]
   pthread_attr_setaffinity_np (&attr, sizeof (cpu_set_t), &cpuset);
   ^
2 warnings generated.
configure:18189: $? = 0
configure:18261: checking whether the target supports thread-local storage
configure:18316: /usr/local/popcorn/bin/clang -o conftest -target x86_64-linux-gnu                                     -nostdinc -isystem /usr/local/popcorn/x86_64/include                                     -popcorn-alignment -pthread   conftest.c -ldl  >&5
configure:18316: $? = 0
configure:18316: ./conftest
configure:18316: $? = 0
configure:18323: /usr/local/popcorn/bin/clang -o conftest -target x86_64-linux-gnu                                     -nostdinc -isystem /usr/local/popcorn/x86_64/include                                     -popcorn-alignment -pthread  -static  conftest.c -ldl  >&5
configure:18323: $? = 0
configure:18334: /usr/local/popcorn/bin/clang -o conftest -target x86_64-linux-gnu                                     -nostdinc -isystem /usr/local/popcorn/x86_64/include                                     -popcorn-alignment -pthread  -static  conftest.c -ldl  >&5
configure:18334: $? = 0
configure:18334: ./conftest
configure:18334: $? = 0
configure:18366: /usr/local/popcorn/bin/clang -o conftest  -target x86_64-linux-gnu                                     -nostdinc -isystem /usr/local/popcorn/x86_64/include                                     -popcorn-alignment -pthread   conftest.c -ldl  >&5
configure:18366: $? = 0
configure:18412: /usr/local/popcorn/bin/clang -o conftest  -target x86_64-linux-gnu                                     -nostdinc -isystem /usr/local/popcorn/x86_64/include                                     -popcorn-alignment -pthread   conftest.c -ldl  >&5
configure:18412: $? = 0
configure:18412: ./conftest
configure:18412: $? = 0
configure:18432: result: yes
configure:18442: checking whether the thread-local storage support is from emutls
configure:18451: /usr/local/popcorn/bin/clang -Werror -S -o conftest.s conftest.c 1>&5
configure:18454: $? = 0
configure:18463: result: no
configure:18473: checking whether the target supports hidden visibility
configure:18492: /usr/local/popcorn/bin/clang -c -target x86_64-linux-gnu                                     -nostdinc -isystem /usr/local/popcorn/x86_64/include                                     -popcorn-alignment -pthread -Werror  conftest.c >&5
configure:18492: $? = 0
configure:18500: result: yes
configure:18508: checking whether the target supports dllexport
configure:18527: /usr/local/popcorn/bin/clang -c -target x86_64-linux-gnu                                     -nostdinc -isystem /usr/local/popcorn/x86_64/include                                     -popcorn-alignment -pthread -Werror  conftest.c >&5
conftest.c:50:21: error: unknown attribute 'dllexport' ignored [-Werror,-Wunknown-attributes]
void __attribute__((dllexport)) foo(void) { }
                    ^
0  libLLVMSupport.so.3.7       0x00007ffff1834275 llvm::sys::PrintStackTrace(llvm::raw_ostream&) + 44
1  libLLVMSupport.so.3.7       0x00007ffff18345f1
2  libLLVMSupport.so.3.7       0x00007ffff18331c9
3  libc.so.6                   0x00007fffee7ce0e0
4  libclangCodeGen.so.3.7      0x00007ffff0106e0c
5  libclangCodeGen.so.3.7      0x00007ffff029ffba
6  libclangParse.so.3.7        0x00007fffea6f4a3e clang::ParseAST(clang::Sema&, bool, bool) + 787
7  libclangFrontend.so.3.7     0x00007fffef7f7112 clang::ASTFrontendAction::ExecuteAction() + 322
8  libclangCodeGen.so.3.7      0x00007ffff029d698 clang::CodeGenAction::ExecuteAction() + 664
9  libclangFrontend.so.3.7     0x00007fffef7f6bcf clang::FrontendAction::Execute() + 139
10 libclangFrontend.so.3.7     0x00007fffef7ab91f clang::CompilerInstance::ExecuteAction(clang::FrontendAction&) + 775
11 libclangFrontendTool.so.3.7 0x00007fffef370e2c clang::ExecuteCompilerInvocation(clang::CompilerInstance*) + 1120
12 clang-3.7                   0x00000000004469c0 cc1_main(llvm::ArrayRef<char const*>, char const*, void*) + 989
13 clang-3.7                   0x000000000043ddef
14 clang-3.7                   0x000000000043e2d7 main + 1041
15 libc.so.6                   0x00007fffee7bab45 __libc_start_main + 245
16 clang-3.7                   0x000000000043c6b9
Stack dump:
0.	Program arguments: /home/karaoui/popcorn/popcorn-compiler/install/bin/clang-3.7 -cc1 -triple x86_64--linux-gnu -emit-obj -mrelax-all -disable-free -main-file-name conftest.c -mrelocation-model static -mthread-model posix -mdisable-fp-elim -fmath-errno -masm-verbose -mconstructor-aliases -munwind-tables -fuse-init-array -target-cpu x86-64 -dwarf-column-info -coverage-file /home/karaoui/popcorn/popcorn-compiler/lib/libopenpop/conftest.c -nostdsysteminc -nobuiltininc -resource-dir /home/karaoui/popcorn/popcorn-compiler/install/bin/../lib/clang/3.7.1 -isystem /usr/local/popcorn/x86_64/include -Werror -fdebug-compilation-dir /home/karaoui/popcorn/popcorn-compiler/lib/libopenpop -ferror-limit 19 -fmessage-length 0 -pthread -mstackrealign -fobjc-runtime=gcc -fdiagnostics-show-option -ffunction-sections -fdata-sections -popcorn-alignment -o conftest.o -x c conftest.c 
1.	<eof> parser at end of file
clang-3.7: error: unable to execute command: Segmentation fault
clang-3.7: error: clang frontend command failed due to signal (use -v to see invocation)
clang version 3.7.1 (tags/RELEASE_371/final 322296)
Target: x86_64--linux-gnu
Thread model: posix
clang-3.7: note: diagnostic msg: PLEASE submit a bug report to http://llvm.org/bugs/ and include the crash backtrace, preprocessed source, and associated run script.
clang-3.7: note: diagnostic msg: 
********************

PLEASE ATTACH THE FOLLOWING FILES TO THE BUG REPORT:
Preprocessed source(s) and associated run script(s) are located at:
clang-3.7: note: diagnostic msg: /tmp/conftest-c2fb7c.c
clang-3.7: note: diagnostic msg: /tmp/conftest-c2fb7c.sh
clang-3.7: note: diagnostic msg: 

********************
configure:18527: $? = 254
configure: failed program was:
| /* confdefs.h */
| #define PACKAGE_NAME "Popcorn Distributed OpenMP Multithreading Library"
| #define PACKAGE_TARNAME "libopenpop"
| #define PACKAGE_VERSION "0.1"
| #define PACKAGE_STRING "Popcorn Distributed OpenMP Multithreading Library 0.1"
| #define PACKAGE_BUGREPORT ""
| #define PACKAGE_URL ""
| #define STDC_HEADERS 1
| #define HAVE_SYS_TYPES_H 1
| #define HAVE_SYS_STAT_H 1
| #define HAVE_STDLIB_H 1
| #define HAVE_STRING_H 1
| #define HAVE_MEMORY_H 1
| #define HAVE_STRINGS_H 1
| #define HAVE_INTTYPES_H 1
| #define HAVE_STDINT_H 1
| #define HAVE_UNISTD_H 1
| #define HAVE_DLFCN_H 1
| #define LT_OBJDIR ".libs/"
| #define PACKAGE "libopenpop"
| #define VERSION "0.1"
| #define STDC_HEADERS 1
| #define TIME_WITH_SYS_TIME 1
| #define STRING_WITH_STRINGS 1
| #define HAVE_PTHREAD_H 1
| #define HAVE_UNISTD_H 1
| #define HAVE_SEMAPHORE_H 1
| #define HAVE_SYS_TIME_H 1
| #define LIBGOMP_USE_PTHREADS 1
| #define HAVE_LIBDL 1
| #define PLUGIN_SUPPORT 1
| #define HAVE_UNISTD_H 1
| #define HAVE_SECURE_GETENV 1
| #define HAVE_GETUID 1
| #define HAVE_GETEUID 1
| #define HAVE_GETGID 1
| #define HAVE_GETEGID 1
| #define OFFLOAD_TARGETS ""
| #define PLUGIN_NVPTX 0
| #define PLUGIN_NVPTX_DYNAMIC 0
| #define PLUGIN_HSA 0
| #define HSA_RUNTIME_LIB ""
| #define HAVE_GETLOADAVG 1
| #define HAVE_CLOCK_GETTIME 1
| #define HAVE_STRTOULL 1
| #define HAVE_PTHREAD_AFFINITY_NP 1
| #define HAVE_TLS 1
| #define HAVE_ATTRIBUTE_VISIBILITY 1
| /* end confdefs.h.  */
| void __attribute__((dllexport)) foo(void) { }
| int
| main ()
| {
| 
|   ;
|   return 0;
| }
configure:18535: result: no
configure:18543: checking whether the target supports symbol aliases
configure:18562: /usr/local/popcorn/bin/clang -o conftest -target x86_64-linux-gnu                                     -nostdinc -isystem /usr/local/popcorn/x86_64/include                                     -popcorn-alignment -pthread   conftest.c -ldl  >&5
configure:18562: $? = 0
configure:18570: result: yes
configure:18589: checking for ld used by /usr/local/popcorn/bin/clang
configure:18656: result: /usr/local/popcorn/bin/ld
configure:18663: checking if the linker (/usr/local/popcorn/bin/ld) is GNU ld
configure:18678: result: yes
configure:18956: checking whether the target supports .symver directive
configure:18973: /usr/local/popcorn/bin/clang -c -target x86_64-linux-gnu                                     -nostdinc -isystem /usr/local/popcorn/x86_64/include                                     -popcorn-alignment -pthread  conftest.c >&5
configure:18973: $? = 0
configure:18980: result: yes
configure:19012: versioning on shared library symbols is no
configure:19044: checking whether the target supports __sync_*_compare_and_swap
configure:19061: /usr/local/popcorn/bin/clang -o conftest -target x86_64-linux-gnu                                     -nostdinc -isystem /usr/local/popcorn/x86_64/include                                     -popcorn-alignment -pthread  -Wall -Werror -ftls-model=initial-exec   conftest.c -ldl  >&5
configure:19061: $? = 0
configure:19069: result: yes
configure:19213: /usr/local/popcorn/bin/clang -o conftest -target x86_64-linux-gnu                                     -nostdinc -isystem /usr/local/popcorn/x86_64/include                                     -popcorn-alignment -pthread -include confdefs.h -include ./config/linux/omp-lock.h   conftest.c -ldl  >&5
configure:19213: $? = 0
configure:19213: ./conftest
configure:19213: $? = 0
configure:19220: /usr/local/popcorn/bin/clang -o conftest -target x86_64-linux-gnu                                     -nostdinc -isystem /usr/local/popcorn/x86_64/include                                     -popcorn-alignment -pthread -include confdefs.h -include ./config/linux/omp-lock.h   conftest.c -ldl  >&5
configure:19220: $? = 0
configure:19220: ./conftest
configure:19220: $? = 0
configure:19225: /usr/local/popcorn/bin/clang -o conftest -target x86_64-linux-gnu                                     -nostdinc -isystem /usr/local/popcorn/x86_64/include                                     -popcorn-alignment -pthread -include confdefs.h -include ./config/linux/omp-lock.h   conftest.c -ldl  >&5
configure:19225: $? = 0
configure:19225: ./conftest
configure:19225: $? = 0
configure:19230: /usr/local/popcorn/bin/clang -o conftest -target x86_64-linux-gnu                                     -nostdinc -isystem /usr/local/popcorn/x86_64/include                                     -popcorn-alignment -pthread -include confdefs.h -include ./config/linux/omp-lock.h   conftest.c -ldl  >&5
configure:19230: $? = 0
configure:19230: ./conftest
configure:19230: $? = 0
configure:19235: /usr/local/popcorn/bin/clang -o conftest -target x86_64-linux-gnu                                     -nostdinc -isystem /usr/local/popcorn/x86_64/include                                     -popcorn-alignment -pthread -include confdefs.h -include ./config/linux/omp-lock.h   conftest.c -ldl  >&5
configure:19235: $? = 0
configure:19235: ./conftest
configure:19235: $? = 0
configure:19242: /usr/local/popcorn/bin/clang -o conftest -target x86_64-linux-gnu                                     -nostdinc -isystem /usr/local/popcorn/x86_64/include                                     -popcorn-alignment -pthread -include confdefs.h -include ./config/linux/omp-lock.h   conftest.c -ldl  >&5
configure:19242: $? = 0
configure:19242: ./conftest
configure:19242: $? = 0
configure:19247: /usr/local/popcorn/bin/clang -o conftest -target x86_64-linux-gnu                                     -nostdinc -isystem /usr/local/popcorn/x86_64/include                                     -popcorn-alignment -pthread -include confdefs.h -include ./config/linux/omp-lock.h   conftest.c -ldl  >&5
configure:19247: $? = 0
configure:19247: ./conftest
configure:19247: $? = 0
configure:19252: /usr/local/popcorn/bin/clang -o conftest -target x86_64-linux-gnu                                     -nostdinc -isystem /usr/local/popcorn/x86_64/include                                     -popcorn-alignment -pthread -include confdefs.h -include ./config/linux/omp-lock.h   conftest.c -ldl  >&5
configure:19252: $? = 0
configure:19252: ./conftest
configure:19252: $? = 0
configure:19433: checking that generated files are newer than configure
configure:19439: result: done
configure:19494: creating ./config.status

## ---------------------- ##
## Running config.status. ##
## ---------------------- ##

This file was extended by Popcorn Distributed OpenMP Multithreading Library config.status 0.1, which was
generated by GNU Autoconf 2.69.  Invocation command line was

  CONFIG_FILES    = 
  CONFIG_HEADERS  = 
  CONFIG_LINKS    = 
  CONFIG_COMMANDS = 
  $ ./config.status 

on echo2

config.status:1262: creating omp.h
config.status:1262: creating omp_lib.h
config.status:1262: creating omp_lib.f90
config.status:1262: creating libgomp_f.h
config.status:1262: creating Makefile
config.status:1262: creating libopenpop.spec
config.status:1262: creating config.h
config.status:1491: executing libtool commands
config.status:1491: executing depfiles commands
config.status:1491: executing gstdint.h commands

## ---------------- ##
## Cache variables. ##
## ---------------- ##

ac_cv_build=x86_64-pc-linux-gnu
ac_cv_c_compiler_gnu=yes
ac_cv_env_CC_set=set
ac_cv_env_CC_value=/usr/local/popcorn/bin/clang
ac_cv_env_CFLAGS_set=set
ac_cv_env_CFLAGS_value='-target x86_64-linux-gnu                                     -nostdinc -isystem /usr/local/popcorn/x86_64/include                                     -popcorn-alignment'
ac_cv_env_CPPFLAGS_set=
ac_cv_env_CPPFLAGS_value=
ac_cv_env_CPP_set=
ac_cv_env_CPP_value=
ac_cv_env_FCFLAGS_set=
ac_cv_env_FCFLAGS_value=
ac_cv_env_FC_set=
ac_cv_env_FC_value=
ac_cv_env_LDFLAGS_set=
ac_cv_env_LDFLAGS_value=
ac_cv_env_LIBS_set=
ac_cv_env_LIBS_value=
ac_cv_env_LT_SYS_LIBRARY_PATH_set=
ac_cv_env_LT_SYS_LIBRARY_PATH_value=
ac_cv_env_build_alias_set=
ac_cv_env_build_alias_value=
ac_cv_env_host_alias_set=set
ac_cv_env_host_alias_value=x86_64-linux-gnu
ac_cv_env_target_alias_set=set
ac_cv_env_target_alias_value=x86_64-linux-gnu
ac_cv_fc_compiler_gnu=no
ac_cv_func___secure_getenv=no
ac_cv_func_clock_gettime=yes
ac_cv_func_getegid=yes
ac_cv_func_geteuid=yes
ac_cv_func_getgid=yes
ac_cv_func_getloadavg=yes
ac_cv_func_getuid=yes
ac_cv_func_secure_getenv=yes
ac_cv_func_strtoull=yes
ac_cv_header_dlfcn_h=yes
ac_cv_header_inttypes_h=yes
ac_cv_header_memory_h=yes
ac_cv_header_pthread_h=yes
ac_cv_header_semaphore_h=yes
ac_cv_header_stdc=yes
ac_cv_header_stdint_h=yes
ac_cv_header_stdlib_h=yes
ac_cv_header_string_h=yes
ac_cv_header_strings_h=yes
ac_cv_header_sys_loadavg_h=no
ac_cv_header_sys_stat_h=yes
ac_cv_header_sys_sysctl_h=no
ac_cv_header_sys_time_h=yes
ac_cv_header_sys_types_h=yes
ac_cv_header_time=yes
ac_cv_header_unistd_h=yes
ac_cv_host=x86_64-pc-linux-gnu
ac_cv_lib_dl_dlsym=yes
ac_cv_objext=o
ac_cv_path_EGREP='/bin/grep -E'
ac_cv_path_FGREP='/bin/grep -F'
ac_cv_path_GREP=/bin/grep
ac_cv_path_PERL=/usr/bin/perl
ac_cv_path_SED=/bin/sed
ac_cv_path_install='/usr/bin/install -c'
ac_cv_path_lt_DD=/bin/dd
ac_cv_path_mkdir=/bin/mkdir
ac_cv_prog_AR=x86_64-linux-gnu-ar
ac_cv_prog_AWK=mawk
ac_cv_prog_CC=/usr/local/popcorn/bin/clang
ac_cv_prog_CPP='/usr/local/popcorn/bin/clang -E'
ac_cv_prog_FC=no
ac_cv_prog_MAKEINFO='${SHELL} /home/karaoui/popcorn/popcorn-compiler/lib/libopenpop/missing makeinfo'
ac_cv_prog_OBJDUMP=x86_64-linux-gnu-objdump
ac_cv_prog_RANLIB=x86_64-linux-gnu-ranlib
ac_cv_prog_STRIP=x86_64-linux-gnu-strip
ac_cv_prog_ac_ct_MANIFEST_TOOL=mt
ac_cv_prog_cc_c89=
ac_cv_prog_cc_g=yes
ac_cv_prog_fc_g=no
ac_cv_prog_make_make_set=yes
ac_cv_target=x86_64-pc-linux-gnu
ac_cv_type_int_fast32_t=yes
ac_cv_type_int_least32_t=yes
ac_cv_type_u_int64_t=no
ac_cv_type_uint64_t=yes
ac_cv_type_uintmax_t=yes
ac_cv_type_uintptr_t=yes
acx_cv_header_stdint=stdint.h
acx_cv_header_stdint_kind='(already complete)'
am_cv_CC_dependencies_compiler_type=gcc3
am_cv_make_support_nested_variables=yes
am_cv_prog_cc_c_o=yes
gcc_cv_have_tls=yes
gcc_cv_header_string=yes
gcc_cv_prog_makeinfo_modern=yes
gcc_cv_use_emutls=no
libgomp_cv_have_as_symver_directive=yes
libgomp_cv_have_attribute_alias=yes
libgomp_cv_have_attribute_dllexport=no
libgomp_cv_have_attribute_visibility=yes
libgomp_cv_have_sync_builtins=yes
lt_cv_ar_at_file=@
lt_cv_deplibs_check_method=pass_all
lt_cv_file_magic_cmd='$MAGIC_CMD'
lt_cv_file_magic_test_file=
lt_cv_ld_reload_flag=-r
lt_cv_nm_interface='BSD nm'
lt_cv_objdir=.libs
lt_cv_path_LD=/usr/local/popcorn/bin/ld
lt_cv_path_NM='/usr/bin/x86_64-linux-gnu-nm -B'
lt_cv_path_mainfest_tool=no
lt_cv_prog_compiler_c_o=yes
lt_cv_prog_compiler_pic='-fPIC -DPIC'
lt_cv_prog_compiler_pic_works=yes
lt_cv_prog_compiler_rtti_exceptions=yes
lt_cv_prog_compiler_static_works=yes
lt_cv_prog_gnu_ld=yes
lt_cv_sharedlib_from_linklib_cmd='printf %s\n'
lt_cv_shlibpath_overrides_runpath=yes
lt_cv_sys_global_symbol_pipe='sed -n -e '\''s/^.*[	 ]\([ABCDGIRSTW][ABCDGIRSTW]*\)[	 ][	 ]*\([_A-Za-z][_A-Za-z0-9]*\)$/\1 \2 \2/p'\'' | sed '\''/ __gnu_lto/d'\'''
lt_cv_sys_global_symbol_to_c_name_address='sed -n -e '\''s/^: \(.*\) .*$/  {"\1", (void *) 0},/p'\'' -e '\''s/^[ABCDGIRSTW][ABCDGIRSTW]* .* \(.*\)$/  {"\1", (void *) \&\1},/p'\'''
lt_cv_sys_global_symbol_to_c_name_address_lib_prefix='sed -n -e '\''s/^: \(.*\) .*$/  {"\1", (void *) 0},/p'\'' -e '\''s/^[ABCDGIRSTW][ABCDGIRSTW]* .* \(lib.*\)$/  {"\1", (void *) \&\1},/p'\'' -e '\''s/^[ABCDGIRSTW][ABCDGIRSTW]* .* \(.*\)$/  {"lib\1", (void *) \&\1},/p'\'''
lt_cv_sys_global_symbol_to_cdecl='sed -n -e '\''s/^T .* \(.*\)$/extern int \1();/p'\'' -e '\''s/^[ABCDGIRSTW][ABCDGIRSTW]* .* \(.*\)$/extern char \1;/p'\'''
lt_cv_sys_global_symbol_to_import=
lt_cv_sys_max_cmd_len=1572864
lt_cv_to_host_file_cmd=func_convert_file_noop
lt_cv_to_tool_file_cmd=func_convert_file_noop
lt_cv_truncate_bin='/bin/dd bs=4096 count=1'

## ----------------- ##
## Output variables. ##
## ----------------- ##

ACLOCAL='${SHELL} /home/karaoui/popcorn/popcorn-compiler/lib/libopenpop/missing aclocal-1.15'
AMDEPBACKSLASH='\'
AMDEP_FALSE='#'
AMDEP_TRUE=''
AMTAR='$${TAR-tar}'
AM_BACKSLASH='\'
AM_DEFAULT_V='$(AM_DEFAULT_VERBOSITY)'
AM_DEFAULT_VERBOSITY='1'
AM_V='$(V)'
AR='x86_64-linux-gnu-ar'
AUTOCONF='${SHELL} /home/karaoui/popcorn/popcorn-compiler/lib/libopenpop/missing autoconf'
AUTOHEADER='${SHELL} /home/karaoui/popcorn/popcorn-compiler/lib/libopenpop/missing autoheader'
AUTOMAKE='${SHELL} /home/karaoui/popcorn/popcorn-compiler/lib/libopenpop/missing automake-1.15'
AWK='mawk'
BUILD_INFO_FALSE='#'
BUILD_INFO_TRUE=''
CC='/usr/local/popcorn/bin/clang'
CCDEPMODE='depmode=gcc3'
CFLAGS='-target x86_64-linux-gnu                                     -nostdinc -isystem /usr/local/popcorn/x86_64/include                                     -popcorn-alignment -pthread'
CPP='/usr/local/popcorn/bin/clang -E'
CPPFLAGS=''
CUDA_DRIVER_INCLUDE=''
CUDA_DRIVER_LIB=''
CYGPATH_W='echo'
DEFS='-DHAVE_CONFIG_H'
DEPDIR='.deps'
DLLTOOL='false'
DSYMUTIL=''
DUMPBIN=''
ECHO_C=''
ECHO_N='-n'
ECHO_T=''
EGREP='/bin/grep -E'
EXEEXT=''
FC='no'
FCFLAGS=' -L. -Wall -L../libgfortran'
FGREP='/bin/grep -F'
GENINSRC_FALSE=''
GENINSRC_TRUE='#'
GREP='/bin/grep'
HSA_RUNTIME_INCLUDE=''
HSA_RUNTIME_LIB=''
INSTALL_DATA='${INSTALL} -m 644'
INSTALL_PROGRAM='${INSTALL}'
INSTALL_SCRIPT='${INSTALL}'
INSTALL_STRIP_PROGRAM='$(install_sh) -c -s'
LD='/usr/local/popcorn/bin/ld'
LDFLAGS=''
LIBGOMP_BUILD_VERSIONED_SHLIB_FALSE=''
LIBGOMP_BUILD_VERSIONED_SHLIB_GNU_FALSE=''
LIBGOMP_BUILD_VERSIONED_SHLIB_GNU_TRUE='#'
LIBGOMP_BUILD_VERSIONED_SHLIB_SUN_FALSE=''
LIBGOMP_BUILD_VERSIONED_SHLIB_SUN_TRUE='#'
LIBGOMP_BUILD_VERSIONED_SHLIB_TRUE='#'
LIBOBJS=''
LIBS='-ldl '
LIBTOOL='$(SHELL) $(top_builddir)/libtool'
LIPO=''
LN_S='ln -s'
LTLIBOBJS=''
LT_SYS_LIBRARY_PATH=''
MAINT='#'
MAINTAINER_MODE_FALSE=''
MAINTAINER_MODE_TRUE='#'
MAKEINFO='${SHELL} /home/karaoui/popcorn/popcorn-compiler/lib/libopenpop/missing makeinfo'
MANIFEST_TOOL=':'
MKDIR_P='/bin/mkdir -p'
NM='/usr/bin/x86_64-linux-gnu-nm -B'
NMEDIT=''
OBJDUMP='x86_64-linux-gnu-objdump'
OBJEXT='o'
OMP_LOCK_25_ALIGN='4'
OMP_LOCK_25_KIND='4'
OMP_LOCK_25_SIZE='4'
OMP_LOCK_ALIGN='4'
OMP_LOCK_KIND='4'
OMP_LOCK_SIZE='4'
OMP_NEST_LOCK_25_ALIGN='4'
OMP_NEST_LOCK_25_KIND='8'
OMP_NEST_LOCK_25_SIZE='8'
OMP_NEST_LOCK_ALIGN='8'
OMP_NEST_LOCK_KIND='8'
OMP_NEST_LOCK_SIZE='16'
OPT_LDFLAGS='-Wl,-O1 '
OTOOL64=''
OTOOL=''
PACKAGE='libopenpop'
PACKAGE_BUGREPORT=''
PACKAGE_NAME='Popcorn Distributed OpenMP Multithreading Library'
PACKAGE_STRING='Popcorn Distributed OpenMP Multithreading Library 0.1'
PACKAGE_TARNAME='libopenpop'
PACKAGE_URL=''
PACKAGE_VERSION='0.1'
PATH_SEPARATOR=':'
PERL='/usr/bin/perl'
PLUGIN_HSA='0'
PLUGIN_HSA_CPPFLAGS=''
PLUGIN_HSA_FALSE=''
PLUGIN_HSA_LDFLAGS=''
PLUGIN_HSA_LIBS=''
PLUGIN_HSA_TRUE='#'
PLUGIN_NVPTX='0'
PLUGIN_NVPTX_CPPFLAGS=''
PLUGIN_NVPTX_FALSE=''
PLUGIN_NVPTX_LDFLAGS=''
PLUGIN_NVPTX_LIBS=''
PLUGIN_NVPTX_TRUE='#'
RANLIB='x86_64-linux-gnu-ranlib'
SECTION_LDFLAGS=''
SED='/bin/sed'
SET_MAKE=''
SHELL='/bin/bash'
STRIP='x86_64-linux-gnu-strip'
USE_FORTRAN_FALSE=''
USE_FORTRAN_TRUE='#'
VERSION='0.1'
XCFLAGS=' -Wall -Werror -ftls-model=initial-exec -Wc,-pthread'
XLDFLAGS=''
ac_ct_AR=''
ac_ct_CC=''
ac_ct_DUMPBIN=''
ac_ct_FC=''
am__EXEEXT_FALSE=''
am__EXEEXT_TRUE='#'
am__fastdepCC_FALSE='#'
am__fastdepCC_TRUE=''
am__include='include'
am__isrc=''
am__leading_dot='.'
am__nodep='_no'
am__quote=''
am__tar='$${TAR-tar} chof - "$$tardir"'
am__untar='$${TAR-tar} xf -'
bindir='${exec_prefix}/bin'
build='x86_64-pc-linux-gnu'
build_alias=''
build_cpu='x86_64'
build_os='linux-gnu'
build_vendor='pc'
config_path='linux/x86 linux posix'
datadir='${datarootdir}'
datarootdir='${prefix}/share'
docdir='${datarootdir}/doc/${PACKAGE_TARNAME}'
dvidir='${docdir}'
enable_shared='no'
enable_static='yes'
exec_prefix='${prefix}'
get_gcc_base_ver='cat'
host='x86_64-pc-linux-gnu'
host_alias='x86_64-linux-gnu'
host_cpu='x86_64'
host_os='linux-gnu'
host_vendor='pc'
htmldir='${docdir}'
includedir='${prefix}/include'
infodir='${datarootdir}/info'
install_sh='${SHELL} /home/karaoui/popcorn/popcorn-compiler/lib/libopenpop/install-sh'
libdir='${exec_prefix}/lib'
libexecdir='${exec_prefix}/libexec'
libtool_VERSION='1:0:0'
link_openpop='-lopenpop -ldl '
localedir='${datarootdir}/locale'
localstatedir='${prefix}/var'
lt_host_flags=''
mandir='${datarootdir}/man'
mkdir_p='$(MKDIR_P)'
offload_additional_lib_paths=''
offload_additional_options=''
offload_targets=''
oldincludedir='/usr/include'
pdfdir='${docdir}'
prefix='/usr/local/popcorn/x86_64'
program_transform_name='s&^&x86_64-linux-gnu-&'
psdir='${docdir}'
runstatedir='${localstatedir}/run'
sbindir='${exec_prefix}/sbin'
sharedstatedir='${prefix}/com'
sysconfdir='${prefix}/etc'
target='x86_64-pc-linux-gnu'
target_alias='x86_64-linux-gnu'
target_cpu='x86_64'
target_os='linux-gnu'
target_vendor='pc'
toolexecdir='$(libdir)/gcc-lib/$(target_alias)'
toolexeclibdir='$(libdir)/'

## ----------- ##
## confdefs.h. ##
## ----------- ##

/* confdefs.h */
#define PACKAGE_NAME "Popcorn Distributed OpenMP Multithreading Library"
#define PACKAGE_TARNAME "libopenpop"
#define PACKAGE_VERSION "0.1"
#define PACKAGE_STRING "Popcorn Distributed OpenMP Multithreading Library 0.1"
#define PACKAGE_BUGREPORT ""
#define PACKAGE_URL ""
#define STDC_HEADERS 1
#define HAVE_SYS_TYPES_H 1
#define HAVE_SYS_STAT_H 1
#define HAVE_STDLIB_H 1
#define HAVE_STRING_H 1
#define HAVE_MEMORY_H 1
#define HAVE_STRINGS_H 1
#define HAVE_INTTYPES_H 1
#define HAVE_STDINT_H 1
#define HAVE_UNISTD_H 1
#define HAVE_DLFCN_H 1
#define LT_OBJDIR ".libs/"
#define PACKAGE "libopenpop"
#define VERSION "0.1"
#define STDC_HEADERS 1
#define TIME_WITH_SYS_TIME 1
#define STRING_WITH_STRINGS 1
#define HAVE_PTHREAD_H 1
#define HAVE_UNISTD_H 1
#define HAVE_SEMAPHORE_H 1
#define HAVE_SYS_TIME_H 1
#define LIBGOMP_USE_PTHREADS 1
#define HAVE_LIBDL 1
#define PLUGIN_SUPPORT 1
#define HAVE_UNISTD_H 1
#define HAVE_SECURE_GETENV 1
#define HAVE_GETUID 1
#define HAVE_GETEUID 1
#define HAVE_GETGID 1
#define HAVE_GETEGID 1
#define OFFLOAD_TARGETS ""
#define PLUGIN_NVPTX 0
#define PLUGIN_NVPTX_DYNAMIC 0
#define PLUGIN_HSA 0
#define HSA_RUNTIME_LIB ""
#define HAVE_GETLOADAVG 1
#define HAVE_CLOCK_GETTIME 1
#define HAVE_STRTOULL 1
#define HAVE_PTHREAD_AFFINITY_NP 1
#define HAVE_TLS 1
#define HAVE_ATTRIBUTE_VISIBILITY 1
#define HAVE_ATTRIBUTE_ALIAS 1
#define HAVE_AS_SYMVER_DIRECTIVE 1
#define HAVE_SYNC_BUILTINS 1

configure: exit 0
